
Gurobi 8.0.1 (win64, Python) logging started 09/02/18 15:26:57

Parameter Method unchanged
   Value: -1  Min: -1  Max: 5  Default: -1
Parameter OutputFlag unchanged
   Value: 1  Min: 0  Max: 1  Default: 1
Optimize a model with 3 rows, 5 columns and 7 nonzeros
Model has 2 quadratic objective terms
Coefficient statistics:
  Matrix range     [1e+00, 5e+00]
  Objective range  [2e+01, 2e+01]
  QObjective range [6e+00, 8e+00]
  Bounds range     [3e-01, 6e+00]
  RHS range        [4e+00, 4e+00]
Presolve removed 2 rows and 3 columns
Presolve time: 0.01s
Presolved: 1 rows, 2 columns, 2 nonzeros
Presolved model has 2 quadratic objective terms
Ordering time: 0.00s

Barrier statistics:
 AA' NZ     : 0.000e+00
 Factor NZ  : 1.000e+00
 Factor Ops : 1.000e+00 (less than 1 second per iteration)
 Threads    : 1

                  Objective                Residual
Iter       Primal          Dual         Primal    Dual     Compl     Time
   0   4.57755765e+05 -4.58065460e+05  2.00e+03 5.06e+02  1.00e+06     0s
   1   3.23963236e+02 -1.22489368e+04  2.08e+00 5.26e-01  4.17e+03     0s
   2   3.07063497e+02 -5.19836938e+02  1.67e-03 4.22e-04  2.07e+02     0s
   3   3.07039209e+02  3.05023015e+02  1.22e-06 3.08e-07  5.04e-01     0s
   4   3.06158605e+02  3.06089360e+02  1.22e-12 3.06e-13  1.73e-02     0s
   5   3.06107551e+02  3.06107481e+02  0.00e+00 1.11e-15  1.74e-05     0s
   6   3.06107500e+02  3.06107500e+02  0.00e+00 0.00e+00  1.74e-08     0s
   7   3.06107500e+02  3.06107500e+02  0.00e+00 0.00e+00  1.74e-11     0s

Barrier solved model in 7 iterations and 0.03 seconds
Optimal objective 3.06107500e+02


Gurobi 8.0.1 (win64, Python) logging started 09/02/18 22:48:49

Parameter Method unchanged
   Value: -1  Min: -1  Max: 5  Default: -1
Parameter OutputFlag unchanged
   Value: 1  Min: 0  Max: 1  Default: 1
Optimize a model with 3 rows, 9 columns and 6 nonzeros
Model has 3 quadratic objective terms
Coefficient statistics:
  Matrix range     [1e+00, 1e+00]
  Objective range  [8e+00, 8e+00]
  QObjective range [3e-03, 1e-02]
  Bounds range     [5e-01, 6e+00]
  RHS range        [2e+02, 6e+02]
Presolve removed 0 rows and 7 columns
Presolve time: 0.01s

Barrier solved model in 0 iterations and 0.01 seconds
Model is infeasible

IIS computed: 1 constraints and 2 bounds
IIS runtime: 0.00 seconds

Gurobi 8.0.1 (win64, Python) logging started 09/02/18 22:53:40


Gurobi 8.0.1 (win64, Python) logging started 09/02/18 22:56:32


Gurobi 8.0.1 (win64, Python) logging started 09/02/18 22:56:48


Gurobi 8.0.1 (win64, Python) logging started 09/02/18 22:58:31

Parameter Method unchanged
   Value: -1  Min: -1  Max: 5  Default: -1
Parameter OutputFlag unchanged
   Value: 1  Min: 0  Max: 1  Default: 1
Optimize a model with 6 rows, 9 columns and 15 nonzeros
Model has 3 quadratic objective terms
Coefficient statistics:
  Matrix range     [1e+00, 1e+01]
  Objective range  [8e+00, 8e+00]
  QObjective range [3e-03, 1e-02]
  Bounds range     [5e-01, 6e+00]
  RHS range        [2e+02, 6e+02]
Presolve removed 0 rows and 2 columns
Presolve time: 0.01s

Barrier solved model in 0 iterations and 0.01 seconds
Model is infeasible

IIS computed: 1 constraints and 2 bounds
IIS runtime: 0.00 seconds

Gurobi 8.0.1 (win64, Python) logging started 09/02/18 23:03:20

Parameter Method unchanged
   Value: -1  Min: -1  Max: 5  Default: -1
Parameter OutputFlag unchanged
   Value: 1  Min: 0  Max: 1  Default: 1
Optimize a model with 6 rows, 9 columns and 15 nonzeros
Model has 3 quadratic objective terms
Coefficient statistics:
  Matrix range     [1e+00, 1e+03]
  Objective range  [8e+00, 8e+00]
  QObjective range [3e-03, 1e-02]
  Bounds range     [5e-01, 6e+00]
  RHS range        [2e+02, 6e+02]
Presolve removed 0 rows and 2 columns
Presolve time: 0.01s

Barrier solved model in 0 iterations and 0.01 seconds
Model is infeasible

IIS computed: 1 constraints and 2 bounds
IIS runtime: 0.00 seconds

Gurobi 8.0.1 (win64, Python) logging started 09/02/18 23:03:44

Parameter Method unchanged
   Value: -1  Min: -1  Max: 5  Default: -1
Parameter OutputFlag unchanged
   Value: 1  Min: 0  Max: 1  Default: 1
Optimize a model with 6 rows, 9 columns and 15 nonzeros
Model has 3 quadratic objective terms
Coefficient statistics:
  Matrix range     [1e+00, 1e+03]
  Objective range  [8e+00, 8e+00]
  QObjective range [3e-03, 1e-02]
  Bounds range     [5e-01, 6e+00]
  RHS range        [2e+02, 6e+02]
Presolve removed 0 rows and 2 columns
Presolve time: 0.01s

Barrier solved model in 0 iterations and 0.01 seconds
Model is infeasible

IIS computed: 1 constraints and 2 bounds
IIS runtime: 0.00 seconds

Gurobi 8.0.1 (win64, Python) logging started 09/02/18 23:04:02

Parameter Method unchanged
   Value: -1  Min: -1  Max: 5  Default: -1
Parameter OutputFlag unchanged
   Value: 1  Min: 0  Max: 1  Default: 1
Optimize a model with 6 rows, 9 columns and 15 nonzeros
Model has 3 quadratic objective terms
Coefficient statistics:
  Matrix range     [1e+00, 1e+03]
  Objective range  [8e+00, 8e+00]
  QObjective range [3e-03, 1e-02]
  Bounds range     [5e-01, 6e+00]
  RHS range        [2e+02, 6e+02]
Presolve removed 0 rows and 2 columns
Presolve time: 0.01s

Barrier solved model in 0 iterations and 0.01 seconds
Model is infeasible

IIS computed: 1 constraints and 2 bounds
IIS runtime: 0.00 seconds
Parameter Method unchanged
   Value: -1  Min: -1  Max: 5  Default: -1
Parameter OutputFlag unchanged
   Value: 1  Min: 0  Max: 1  Default: 1
Optimize a model with 15 rows, 9 columns and 39 nonzeros
Model has 3 quadratic objective terms
Coefficient statistics:
  Matrix range     [1e+00, 1e+03]
  Objective range  [8e+00, 8e+00]
  QObjective range [3e-03, 1e-02]
  Bounds range     [5e-01, 6e+00]
  RHS range        [2e+02, 6e+02]
Presolve removed 0 rows and 2 columns
Presolve time: 0.01s

Barrier solved model in 0 iterations and 0.01 seconds
Model is infeasible

IIS computed: 1 constraints and 2 bounds
IIS runtime: 0.00 seconds

Gurobi 8.0.1 (win64, Python) logging started 09/02/18 23:16:23

Parameter Method unchanged
   Value: -1  Min: -1  Max: 5  Default: -1
Parameter OutputFlag unchanged
   Value: 1  Min: 0  Max: 1  Default: 1
Optimize a model with 6 rows, 9 columns and 15 nonzeros
Model has 3 quadratic objective terms
Coefficient statistics:
  Matrix range     [1e+00, 1e+01]
  Objective range  [8e+00, 8e+00]
  QObjective range [3e-03, 1e-02]
  Bounds range     [5e-01, 6e+00]
  RHS range        [2e+02, 6e+02]
Presolve removed 0 rows and 2 columns
Presolve time: 0.01s

Barrier solved model in 0 iterations and 0.01 seconds
Model is infeasible
Iteration    Objective       Primal Inf.    Dual Inf.      Time
       0    9.4900000e+02   3.731416e+02   0.000000e+00      0s

IIS computed: 2 constraints and 3 bounds
IIS runtime: 0.01 seconds

Gurobi 8.0.1 (win64, Python) logging started 09/02/18 23:20:14

Parameter Method unchanged
   Value: -1  Min: -1  Max: 5  Default: -1
Parameter OutputFlag unchanged
   Value: 1  Min: 0  Max: 1  Default: 1
Optimize a model with 6 rows, 9 columns and 15 nonzeros
Model has 3 quadratic objective terms
Coefficient statistics:
  Matrix range     [1e+00, 1e+01]
  Objective range  [8e+00, 8e+00]
  QObjective range [3e-03, 1e-02]
  Bounds range     [5e-01, 6e+00]
  RHS range        [2e+02, 6e+02]
Presolve removed 0 rows and 2 columns
Presolve time: 0.01s

Barrier solved model in 0 iterations and 0.01 seconds
Model is infeasible
Iteration    Objective       Primal Inf.    Dual Inf.      Time
       0    9.4900000e+02   3.731416e+02   0.000000e+00      0s

IIS computed: 2 constraints and 3 bounds
IIS runtime: 0.00 seconds

Gurobi 8.0.1 (win64, Python) logging started 09/02/18 23:21:31

Parameter Method unchanged
   Value: -1  Min: -1  Max: 5  Default: -1
Parameter OutputFlag unchanged
   Value: 1  Min: 0  Max: 1  Default: 1
Optimize a model with 6 rows, 9 columns and 15 nonzeros
Model has 3 quadratic objective terms
Coefficient statistics:
  Matrix range     [1e+00, 1e+01]
  Objective range  [8e+00, 8e+00]
  QObjective range [3e-03, 1e-02]
  Bounds range     [5e-01, 6e+00]
  RHS range        [2e+00, 6e+00]
Presolve removed 5 rows and 7 columns
Presolve time: 0.01s

Barrier solved model in 0 iterations and 0.01 seconds
Model is infeasible
Iteration    Objective       Primal Inf.    Dual Inf.      Time
       0    9.4900000e+02   3.891593e+00   0.000000e+00      0s

IIS computed: 6 constraints and 2 bounds
IIS runtime: 0.00 seconds

Gurobi 8.0.1 (win64, Python) logging started 09/02/18 23:21:42

Parameter Method unchanged
   Value: -1  Min: -1  Max: 5  Default: -1
Parameter OutputFlag unchanged
   Value: 1  Min: 0  Max: 1  Default: 1
Optimize a model with 6 rows, 9 columns and 15 nonzeros
Model has 3 quadratic objective terms
Coefficient statistics:
  Matrix range     [1e+00, 1e+01]
  Objective range  [8e+00, 8e+00]
  QObjective range [3e-03, 1e-02]
  Bounds range     [5e-01, 6e+00]
  RHS range        [2e+00, 6e+00]
Presolve removed 5 rows and 7 columns
Presolve time: 0.01s

Barrier solved model in 0 iterations and 0.01 seconds
Model is infeasible
Iteration    Objective       Primal Inf.    Dual Inf.      Time
       0    9.4900000e+02   3.891593e+00   0.000000e+00      0s

IIS computed: 6 constraints and 2 bounds
IIS runtime: 0.00 seconds

Gurobi 8.0.1 (win64, Python) logging started 09/02/18 23:24:14

Parameter Method unchanged
   Value: -1  Min: -1  Max: 5  Default: -1
Parameter OutputFlag unchanged
   Value: 1  Min: 0  Max: 1  Default: 1
Optimize a model with 6 rows, 9 columns and 15 nonzeros
Model has 3 quadratic objective terms
Coefficient statistics:
  Matrix range     [1e+00, 1e+03]
  Objective range  [8e+00, 8e+00]
  QObjective range [3e-03, 1e-02]
  Bounds range     [5e-01, 6e+00]
  RHS range        [2e+00, 6e+00]
Presolve removed 5 rows and 7 columns
Presolve time: 0.01s

Barrier solved model in 0 iterations and 0.01 seconds
Model is infeasible
Iteration    Objective       Primal Inf.    Dual Inf.      Time
       0    9.4900000e+02   1.012810e+02   0.000000e+00      0s

IIS computed: 6 constraints and 2 bounds
IIS runtime: 0.00 seconds

Gurobi 8.0.1 (win64, Python) logging started 09/02/18 23:27:43

Parameter Method unchanged
   Value: -1  Min: -1  Max: 5  Default: -1
Parameter OutputFlag unchanged
   Value: 1  Min: 0  Max: 1  Default: 1
Optimize a model with 6 rows, 9 columns and 15 nonzeros
Model has 3 quadratic objective terms
Coefficient statistics:
  Matrix range     [1e+00, 1e+03]
  Objective range  [8e+00, 8e+00]
  QObjective range [3e-03, 1e-02]
  Bounds range     [5e-01, 6e+00]
  RHS range        [2e+02, 6e+02]
Presolve removed 5 rows and 7 columns
Presolve time: 0.01s

Barrier solved model in 0 iterations and 0.01 seconds
Model is infeasible
Iteration    Objective       Primal Inf.    Dual Inf.      Time
       0    9.4900000e+02   4.705310e+02   0.000000e+00      0s

IIS computed: 6 constraints and 2 bounds
IIS runtime: 0.00 seconds

Gurobi 8.0.1 (win64, Python) logging started 09/03/18 10:02:11


Gurobi 8.0.1 (win64, Python) logging started 09/03/18 10:15:54

Parameter Method unchanged
   Value: -1  Min: -1  Max: 5  Default: -1
Parameter OutputFlag unchanged
   Value: 1  Min: 0  Max: 1  Default: 1
Optimize a model with 9 rows, 9 columns and 24 nonzeros
Model has 3 quadratic objective terms
Coefficient statistics:
  Matrix range     [1e+00, 1e+03]
  Objective range  [8e+00, 8e+00]
  QObjective range [3e-03, 1e-02]
  Bounds range     [5e-01, 6e+00]
  RHS range        [2e+02, 6e+02]
Presolve removed 8 rows and 7 columns
Presolve time: 0.03s

Barrier solved model in 0 iterations and 0.04 seconds
Model is infeasible
Iteration    Objective       Primal Inf.    Dual Inf.      Time
       0    9.4900000e+02   2.058706e+03   0.000000e+00      0s

IIS computed: 6 constraints and 2 bounds
IIS runtime: 0.02 seconds

Gurobi 8.0.1 (win64, Python) logging started 09/03/18 10:27:02


Gurobi 8.0.1 (win64, Python) logging started 09/03/18 10:27:19

Parameter Method unchanged
   Value: -1  Min: -1  Max: 5  Default: -1
Parameter OutputFlag unchanged
   Value: 1  Min: 0  Max: 1  Default: 1
Optimize a model with 6 rows, 9 columns and 15 nonzeros
Model has 3 quadratic objective terms
Coefficient statistics:
  Matrix range     [1e+00, 1e+03]
  Objective range  [8e+00, 8e+00]
  QObjective range [3e-03, 1e-02]
  Bounds range     [5e-01, 6e+00]
  RHS range        [2e+02, 6e+02]
Presolve removed 5 rows and 7 columns
Presolve time: 0.04s

Barrier solved model in 0 iterations and 0.04 seconds
Model is infeasible
Iteration    Objective       Primal Inf.    Dual Inf.      Time
       0    9.4900000e+02   4.705310e+02   0.000000e+00      0s

IIS computed: 6 constraints and 2 bounds
IIS runtime: 0.01 seconds

Gurobi 8.0.1 (win64, Python) logging started 09/03/18 10:27:35

Parameter Method unchanged
   Value: -1  Min: -1  Max: 5  Default: -1
Parameter OutputFlag unchanged
   Value: 1  Min: 0  Max: 1  Default: 1
Optimize a model with 6 rows, 9 columns and 15 nonzeros
Model has 3 quadratic objective terms
Coefficient statistics:
  Matrix range     [1e+00, 1e+03]
  Objective range  [8e+00, 8e+00]
  QObjective range [3e-03, 1e-02]
  Bounds range     [5e-01, 6e+00]
  RHS range        [2e+02, 6e+02]
Presolve removed 5 rows and 7 columns
Presolve time: 0.02s

Barrier solved model in 0 iterations and 0.02 seconds
Model is infeasible
Iteration    Objective       Primal Inf.    Dual Inf.      Time
       0    9.4900000e+02   4.705310e+02   0.000000e+00      0s

IIS computed: 6 constraints and 2 bounds
IIS runtime: 0.01 seconds

Gurobi 8.0.1 (win64, Python) logging started 09/03/18 10:28:22


Gurobi 8.0.1 (win64, Python) logging started 09/03/18 10:28:36

Parameter Method unchanged
   Value: -1  Min: -1  Max: 5  Default: -1
Parameter OutputFlag unchanged
   Value: 1  Min: 0  Max: 1  Default: 1
Optimize a model with 6 rows, 9 columns and 17 nonzeros
Model has 3 quadratic objective terms
Coefficient statistics:
  Matrix range     [1e+00, 1e+03]
  Objective range  [8e+00, 8e+00]
  QObjective range [3e-03, 1e-02]
  Bounds range     [5e-01, 6e+00]
  RHS range        [2e+02, 6e+02]
Presolve removed 5 rows and 8 columns
Presolve time: 0.01s

Barrier solved model in 0 iterations and 0.02 seconds
Model is infeasible
Iteration    Objective       Primal Inf.    Dual Inf.      Time
       0    9.4900000e+02   4.705310e+02   0.000000e+00      0s

IIS computed: 5 constraints and 3 bounds
IIS runtime: 0.01 seconds

Gurobi 8.0.1 (win64, Python) logging started 09/03/18 10:28:55

Parameter Method unchanged
   Value: -1  Min: -1  Max: 5  Default: -1
Parameter OutputFlag unchanged
   Value: 1  Min: 0  Max: 1  Default: 1
Optimize a model with 6 rows, 9 columns and 17 nonzeros
Model has 3 quadratic objective terms
Coefficient statistics:
  Matrix range     [1e+00, 1e+03]
  Objective range  [8e+00, 8e+00]
  QObjective range [3e-03, 1e-02]
  Bounds range     [5e-01, 6e+00]
  RHS range        [2e+02, 6e+02]
Presolve removed 5 rows and 8 columns
Presolve time: 0.05s

Barrier solved model in 0 iterations and 0.06 seconds
Model is infeasible
Iteration    Objective       Primal Inf.    Dual Inf.      Time
       0    9.4900000e+02   4.705310e+02   0.000000e+00      0s

IIS computed: 5 constraints and 3 bounds
IIS runtime: 0.01 seconds

Gurobi 8.0.1 (win64, Python) logging started 09/03/18 10:30:54

Parameter Method unchanged
   Value: -1  Min: -1  Max: 5  Default: -1
Parameter OutputFlag unchanged
   Value: 1  Min: 0  Max: 1  Default: 1
Optimize a model with 6 rows, 9 columns and 16 nonzeros
Model has 3 quadratic objective terms
Coefficient statistics:
  Matrix range     [1e+00, 1e+03]
  Objective range  [8e+00, 8e+00]
  QObjective range [3e-03, 1e-02]
  Bounds range     [5e-01, 6e+00]
  RHS range        [2e+02, 6e+02]
Presolve removed 0 rows and 2 columns
Presolve time: 0.01s

Barrier solved model in 0 iterations and 0.02 seconds
Model is infeasible

IIS computed: 1 constraints and 2 bounds
IIS runtime: 0.00 seconds

Gurobi 8.0.1 (win64, Python) logging started 09/03/18 10:31:10

Parameter Method unchanged
   Value: -1  Min: -1  Max: 5  Default: -1
Parameter OutputFlag unchanged
   Value: 1  Min: 0  Max: 1  Default: 1
Optimize a model with 6 rows, 9 columns and 16 nonzeros
Model has 3 quadratic objective terms
Coefficient statistics:
  Matrix range     [1e+00, 1e+03]
  Objective range  [8e+00, 8e+00]
  QObjective range [3e-03, 1e-02]
  Bounds range     [5e-01, 6e+00]
  RHS range        [2e+02, 6e+02]
Presolve removed 0 rows and 2 columns
Presolve time: 0.02s

Barrier solved model in 0 iterations and 0.02 seconds
Model is infeasible

IIS computed: 1 constraints and 2 bounds
IIS runtime: 0.01 seconds

Gurobi 8.0.1 (win64, Python) logging started 09/03/18 10:31:52

Parameter Method unchanged
   Value: -1  Min: -1  Max: 5  Default: -1
Parameter OutputFlag unchanged
   Value: 1  Min: 0  Max: 1  Default: 1
Optimize a model with 6 rows, 9 columns and 18 nonzeros
Model has 3 quadratic objective terms
Coefficient statistics:
  Matrix range     [1e+00, 1e+03]
  Objective range  [8e+00, 8e+00]
  QObjective range [3e-03, 1e-02]
  Bounds range     [5e-01, 6e+00]
  RHS range        [2e+02, 6e+02]
Presolve removed 5 rows and 8 columns
Presolve time: 0.01s

Barrier solved model in 0 iterations and 0.02 seconds
Model is infeasible
Iteration    Objective       Primal Inf.    Dual Inf.      Time
       0    9.4900000e+02   4.767810e+02   0.000000e+00      0s

IIS computed: 5 constraints and 3 bounds
IIS runtime: 0.01 seconds

Gurobi 8.0.1 (win64, Python) logging started 09/03/18 11:38:23

Parameter Method unchanged
   Value: -1  Min: -1  Max: 5  Default: -1
Parameter OutputFlag unchanged
   Value: 1  Min: 0  Max: 1  Default: 1
Optimize a model with 6 rows, 9 columns and 16 nonzeros
Model has 3 quadratic objective terms
Coefficient statistics:
  Matrix range     [1e+00, 1e+03]
  Objective range  [8e+00, 8e+00]
  QObjective range [3e-03, 1e-02]
  Bounds range     [5e-01, 6e+00]
  RHS range        [2e+02, 6e+02]
Presolve removed 0 rows and 2 columns
Presolve time: 0.04s

Barrier solved model in 0 iterations and 0.05 seconds
Model is infeasible

IIS computed: 1 constraints and 2 bounds
IIS runtime: 0.00 seconds

Gurobi 8.0.1 (win64, Python) logging started 09/03/18 11:42:06


Gurobi 8.0.1 (win64, Python) logging started 09/03/18 11:42:33

Parameter Method unchanged
   Value: -1  Min: -1  Max: 5  Default: -1
Parameter OutputFlag unchanged
   Value: 1  Min: 0  Max: 1  Default: 1
Optimize a model with 6 rows, 9 columns and 16 nonzeros
Model has 3 quadratic objective terms
Coefficient statistics:
  Matrix range     [1e+00, 1e+03]
  Objective range  [8e+00, 8e+00]
  QObjective range [3e-03, 1e-02]
  Bounds range     [5e-01, 6e+00]
  RHS range        [2e+02, 6e+02]
Presolve removed 0 rows and 2 columns
Presolve time: 0.03s

Barrier solved model in 0 iterations and 0.03 seconds
Model is infeasible

IIS computed: 1 constraints and 2 bounds
IIS runtime: 0.00 seconds

Gurobi 8.0.1 (win64, Python) logging started 09/03/18 11:42:53

Parameter Method unchanged
   Value: -1  Min: -1  Max: 5  Default: -1
Parameter OutputFlag unchanged
   Value: 1  Min: 0  Max: 1  Default: 1
Optimize a model with 6 rows, 9 columns and 16 nonzeros
Model has 3 quadratic objective terms
Coefficient statistics:
  Matrix range     [1e+00, 1e+03]
  Objective range  [8e+00, 8e+00]
  QObjective range [3e-03, 1e-02]
  Bounds range     [5e-01, 6e+00]
  RHS range        [2e+02, 6e+02]
Presolve removed 0 rows and 2 columns
Presolve time: 0.04s

Barrier solved model in 0 iterations and 0.05 seconds
Model is infeasible

IIS computed: 1 constraints and 2 bounds
IIS runtime: 0.01 seconds

Gurobi 8.0.1 (win64, Python) logging started 09/03/18 11:46:25

Parameter Method unchanged
   Value: -1  Min: -1  Max: 5  Default: -1
Parameter OutputFlag unchanged
   Value: 1  Min: 0  Max: 1  Default: 1
Optimize a model with 6 rows, 9 columns and 16 nonzeros
Model has 3 quadratic objective terms
Coefficient statistics:
  Matrix range     [1e+00, 1e+03]
  Objective range  [8e+00, 8e+00]
  QObjective range [3e-03, 1e-02]
  Bounds range     [5e-01, 6e+00]
  RHS range        [2e+02, 6e+02]
Presolve removed 0 rows and 2 columns
Presolve time: 0.04s

Barrier solved model in 0 iterations and 0.05 seconds
Model is infeasible

IIS computed: 1 constraints and 2 bounds
IIS runtime: 0.00 seconds

Gurobi 8.0.1 (win64, Python) logging started 09/03/18 11:46:38

Parameter Method unchanged
   Value: -1  Min: -1  Max: 5  Default: -1
Parameter OutputFlag unchanged
   Value: 1  Min: 0  Max: 1  Default: 1
Optimize a model with 6 rows, 9 columns and 16 nonzeros
Model has 3 quadratic objective terms
Coefficient statistics:
  Matrix range     [1e+00, 1e+03]
  Objective range  [8e+00, 8e+00]
  QObjective range [3e-03, 1e-02]
  Bounds range     [5e-01, 6e+00]
  RHS range        [2e+02, 6e+02]
Presolve removed 0 rows and 2 columns
Presolve time: 0.03s

Barrier solved model in 0 iterations and 0.04 seconds
Model is infeasible

IIS computed: 1 constraints and 2 bounds
IIS runtime: 0.01 seconds
Optimize a model with 16 rows, 12 columns and 36 nonzeros
Coefficient statistics:
  Matrix range     [1e+00, 1e+00]
  Objective range  [1e+01, 8e+01]
  Bounds range     [0e+00, 0e+00]
  RHS range        [1e+01, 1e+02]
Presolve removed 16 rows and 12 columns
Presolve time: 0.04s
Presolve: All rows and columns removed
Iteration    Objective       Primal Inf.    Dual Inf.      Time
       0    5.5000000e+03   0.000000e+00   0.000000e+00      0s

Solved in 0 iterations and 0.05 seconds
Optimal objective  5.500000000e+03
Warning: variable name "flow[Pencils,Detroit,New York]" has a space
Warning: constraint name "cap[Detroit,New York]" has a space
Warning: to let Gurobi read it back, use rlp format

Gurobi 8.0.1 (win64, Python) logging started 09/03/18 13:42:07

Parameter Method unchanged
   Value: -1  Min: -1  Max: 5  Default: -1
Parameter OutputFlag unchanged
   Value: 1  Min: 0  Max: 1  Default: 1
Optimize a model with 6 rows, 9 columns and 18 nonzeros
Model has 3 quadratic objective terms
Coefficient statistics:
  Matrix range     [1e+00, 1e+03]
  Objective range  [8e+00, 8e+00]
  QObjective range [3e-03, 1e-02]
  Bounds range     [5e-01, 6e+00]
  RHS range        [2e+02, 6e+02]
Presolve removed 0 rows and 2 columns
Presolve time: 0.05s

Barrier solved model in 0 iterations and 0.06 seconds
Model is infeasible

IIS computed: 1 constraints and 3 bounds
IIS runtime: 0.02 seconds

Gurobi 8.0.1 (win64, Python) logging started 09/03/18 13:42:17

Parameter Method unchanged
   Value: -1  Min: -1  Max: 5  Default: -1
Parameter OutputFlag unchanged
   Value: 1  Min: 0  Max: 1  Default: 1
Optimize a model with 6 rows, 9 columns and 18 nonzeros
Model has 3 quadratic objective terms
Coefficient statistics:
  Matrix range     [1e+00, 1e+03]
  Objective range  [8e+00, 8e+00]
  QObjective range [3e-03, 1e-02]
  Bounds range     [5e-01, 6e+00]
  RHS range        [2e+02, 6e+02]
Presolve removed 0 rows and 2 columns
Presolve time: 0.04s

Barrier solved model in 0 iterations and 0.04 seconds
Model is infeasible

IIS computed: 1 constraints and 3 bounds
IIS runtime: 0.00 seconds

Gurobi 8.0.1 (win64, Python) logging started 09/03/18 13:53:37

Parameter Method unchanged
   Value: -1  Min: -1  Max: 5  Default: -1
Parameter OutputFlag unchanged
   Value: 1  Min: 0  Max: 1  Default: 1
Optimize a model with 6 rows, 9 columns and 18 nonzeros
Model has 3 quadratic objective terms
Coefficient statistics:
  Matrix range     [1e+00, 1e+03]
  Objective range  [8e+00, 8e+00]
  QObjective range [3e-03, 1e-02]
  Bounds range     [5e-01, 6e+00]
  RHS range        [2e+02, 6e+02]
Presolve removed 0 rows and 2 columns
Presolve time: 0.02s

Barrier solved model in 0 iterations and 0.03 seconds
Model is infeasible
Iteration    Objective       Primal Inf.    Dual Inf.      Time
       0    9.4900000e+02   4.705310e+02   0.000000e+00      0s

IIS computed: 2 constraints and 2 bounds
IIS runtime: 0.01 seconds

Gurobi 8.0.1 (win64, Python) logging started 09/03/18 13:53:56

Parameter Method unchanged
   Value: -1  Min: -1  Max: 5  Default: -1
Parameter OutputFlag unchanged
   Value: 1  Min: 0  Max: 1  Default: 1
Optimize a model with 6 rows, 9 columns and 18 nonzeros
Model has 3 quadratic objective terms
Coefficient statistics:
  Matrix range     [1e+00, 1e+03]
  Objective range  [8e+00, 8e+00]
  QObjective range [3e-03, 1e-02]
  Bounds range     [5e-01, 6e+00]
  RHS range        [2e+02, 6e+02]
Presolve removed 0 rows and 2 columns
Presolve time: 0.04s

Barrier solved model in 0 iterations and 0.04 seconds
Model is infeasible
Iteration    Objective       Primal Inf.    Dual Inf.      Time
       0    9.4900000e+02   4.705310e+02   0.000000e+00      0s

IIS computed: 2 constraints and 2 bounds
IIS runtime: 0.01 seconds

Gurobi 8.0.1 (win64, Python) logging started 09/03/18 13:55:17


Gurobi 8.0.1 (win64, Python) logging started 09/03/18 14:27:15


Gurobi 8.0.1 (win64, Python) logging started 09/03/18 14:27:47


Gurobi 8.0.1 (win64, Python) logging started 09/03/18 14:29:47


Gurobi 8.0.1 (win64, Python) logging started 09/03/18 15:17:52


Gurobi 8.0.1 (win64, Python) logging started 09/03/18 15:18:23


Gurobi 8.0.1 (win64, Python) logging started 09/03/18 15:19:07


Gurobi 8.0.1 (win64, Python) logging started 09/03/18 15:19:27

Parameter Method unchanged
   Value: -1  Min: -1  Max: 5  Default: -1
Parameter OutputFlag unchanged
   Value: 1  Min: 0  Max: 1  Default: 1
Optimize a model with 12 rows, 12 columns and 48 nonzeros
Model has 3 quadratic objective terms
Coefficient statistics:
  Matrix range     [1e+00, 1e+03]
  Objective range  [8e+00, 8e+00]
  QObjective range [3e-03, 1e-02]
  Bounds range     [5e-01, 6e+00]
  RHS range        [1e+02, 6e+02]
Presolve removed 0 rows and 1 columns
Presolve time: 0.01s

Barrier solved model in 0 iterations and 0.01 seconds
Model is infeasible
Iteration    Objective       Primal Inf.    Dual Inf.      Time
       0    9.4900000e+02   5.685310e+02   0.000000e+00      0s

IIS computed: 3 constraints and 3 bounds
IIS runtime: 0.01 seconds

Gurobi 8.0.1 (win64, Python) logging started 09/03/18 15:20:07

Parameter Method unchanged
   Value: -1  Min: -1  Max: 5  Default: -1
Parameter OutputFlag unchanged
   Value: 1  Min: 0  Max: 1  Default: 1
Optimize a model with 12 rows, 12 columns and 48 nonzeros
Model has 3 quadratic objective terms
Coefficient statistics:
  Matrix range     [1e+00, 1e+03]
  Objective range  [8e+00, 8e+00]
  QObjective range [3e-03, 1e-02]
  Bounds range     [5e-01, 6e+00]
  RHS range        [1e+02, 6e+02]
Presolve removed 0 rows and 1 columns
Presolve time: 0.02s

Barrier solved model in 0 iterations and 0.03 seconds
Model is infeasible
Iteration    Objective       Primal Inf.    Dual Inf.      Time
       0    9.4900000e+02   5.685310e+02   0.000000e+00      0s

IIS computed: 3 constraints and 3 bounds
IIS runtime: 0.01 seconds

Gurobi 8.0.1 (win64, Python) logging started 09/03/18 15:20:21

Parameter Method unchanged
   Value: -1  Min: -1  Max: 5  Default: -1
Parameter OutputFlag unchanged
   Value: 1  Min: 0  Max: 1  Default: 1
Optimize a model with 12 rows, 12 columns and 48 nonzeros
Model has 3 quadratic objective terms
Coefficient statistics:
  Matrix range     [1e+00, 1e+03]
  Objective range  [8e+00, 8e+00]
  QObjective range [3e-03, 1e-02]
  Bounds range     [5e-01, 6e+00]
  RHS range        [1e+02, 6e+02]
Presolve removed 0 rows and 1 columns
Presolve time: 0.04s

Barrier solved model in 0 iterations and 0.04 seconds
Model is infeasible
Iteration    Objective       Primal Inf.    Dual Inf.      Time
       0    9.4900000e+02   5.685310e+02   0.000000e+00      0s

IIS computed: 3 constraints and 3 bounds
IIS runtime: 0.00 seconds

Gurobi 8.0.1 (win64, Python) logging started 09/03/18 15:21:19

Parameter Method unchanged
   Value: -1  Min: -1  Max: 5  Default: -1
Parameter OutputFlag unchanged
   Value: 1  Min: 0  Max: 1  Default: 1
Optimize a model with 12 rows, 12 columns and 48 nonzeros
Model has 3 quadratic objective terms
Coefficient statistics:
  Matrix range     [1e+00, 1e+03]
  Objective range  [8e+00, 8e+00]
  QObjective range [3e-03, 1e-02]
  Bounds range     [5e-01, 6e+00]
  RHS range        [1e+02, 6e+02]
Presolve removed 0 rows and 1 columns
Presolve time: 0.03s

Barrier solved model in 0 iterations and 0.03 seconds
Model is infeasible
Iteration    Objective       Primal Inf.    Dual Inf.      Time
       0    9.4900000e+02   5.685310e+02   0.000000e+00      0s

IIS computed: 3 constraints and 3 bounds
IIS runtime: 0.02 seconds

Gurobi 8.0.1 (win64, Python) logging started 09/03/18 15:23:17

Parameter Method unchanged
   Value: -1  Min: -1  Max: 5  Default: -1
Parameter OutputFlag unchanged
   Value: 1  Min: 0  Max: 1  Default: 1
Optimize a model with 12 rows, 12 columns and 36 nonzeros
Model has 3 quadratic objective terms
Coefficient statistics:
  Matrix range     [1e+00, 1e+03]
  Objective range  [8e+00, 8e+00]
  QObjective range [3e-03, 1e-02]
  Bounds range     [5e-01, 6e+00]
  RHS range        [1e+02, 6e+02]
Presolve removed 0 rows and 1 columns
Presolve time: 0.02s

Barrier solved model in 0 iterations and 0.02 seconds
Model is infeasible

IIS computed: 1 constraints and 3 bounds
IIS runtime: 0.00 seconds

Gurobi 8.0.1 (win64, Python) logging started 09/03/18 15:23:27

Parameter Method unchanged
   Value: -1  Min: -1  Max: 5  Default: -1
Parameter OutputFlag unchanged
   Value: 1  Min: 0  Max: 1  Default: 1
Optimize a model with 12 rows, 12 columns and 36 nonzeros
Model has 3 quadratic objective terms
Coefficient statistics:
  Matrix range     [1e+00, 1e+03]
  Objective range  [8e+00, 8e+00]
  QObjective range [3e-03, 1e-02]
  Bounds range     [5e-01, 6e+00]
  RHS range        [1e+02, 6e+02]
Presolve removed 0 rows and 1 columns
Presolve time: 0.04s

Barrier solved model in 0 iterations and 0.05 seconds
Model is infeasible

IIS computed: 1 constraints and 3 bounds
IIS runtime: 0.01 seconds

Gurobi 8.0.1 (win64, Python) logging started 09/03/18 15:33:20


Gurobi 8.0.1 (win64, Python) logging started 09/03/18 15:37:39

Parameter Method unchanged
   Value: -1  Min: -1  Max: 5  Default: -1
Parameter OutputFlag unchanged
   Value: 1  Min: 0  Max: 1  Default: 1
Optimize a model with 12 rows, 12 columns and 36 nonzeros
Model has 3 quadratic objective terms
Coefficient statistics:
  Matrix range     [1e+00, 1e+03]
  Objective range  [8e+00, 8e+00]
  QObjective range [3e-03, 1e-02]
  Bounds range     [5e-01, 6e+00]
  RHS range        [1e+02, 6e+02]
Presolve removed 0 rows and 1 columns
Presolve time: 0.03s

Barrier solved model in 0 iterations and 0.03 seconds
Model is infeasible

IIS computed: 1 constraints and 3 bounds
IIS runtime: 0.00 seconds

Gurobi 8.0.1 (win64, Python) logging started 09/03/18 15:49:43

Parameter Method unchanged
   Value: -1  Min: -1  Max: 5  Default: -1
Parameter OutputFlag unchanged
   Value: 1  Min: 0  Max: 1  Default: 1
Optimize a model with 9 rows, 12 columns and 27 nonzeros
Model has 3 quadratic objective terms
Coefficient statistics:
  Matrix range     [1e+00, 1e+03]
  Objective range  [8e+00, 8e+00]
  QObjective range [3e-03, 1e-02]
  Bounds range     [5e-01, 6e+00]
  RHS range        [1e+02, 6e+02]
Presolve removed 0 rows and 1 columns
Presolve time: 0.04s

Barrier solved model in 0 iterations and 0.07 seconds
Model is infeasible

IIS computed: 1 constraints and 3 bounds
IIS runtime: 0.01 seconds

Gurobi 8.0.1 (win64, Python) logging started 09/03/18 15:51:43

Parameter Method unchanged
   Value: -1  Min: -1  Max: 5  Default: -1
Parameter OutputFlag unchanged
   Value: 1  Min: 0  Max: 1  Default: 1
Optimize a model with 9 rows, 12 columns and 27 nonzeros
Model has 3 quadratic objective terms
Coefficient statistics:
  Matrix range     [1e+00, 1e+01]
  Objective range  [8e+00, 8e+00]
  QObjective range [3e-03, 1e-02]
  Bounds range     [5e-01, 6e+00]
  RHS range        [1e+02, 6e+02]
Presolve removed 0 rows and 1 columns
Presolve time: 0.05s

Barrier solved model in 0 iterations and 0.05 seconds
Model is infeasible

IIS computed: 1 constraints and 3 bounds
IIS runtime: 0.02 seconds

Gurobi 8.0.1 (win64, Python) logging started 09/03/18 15:51:51

Parameter Method unchanged
   Value: -1  Min: -1  Max: 5  Default: -1
Parameter OutputFlag unchanged
   Value: 1  Min: 0  Max: 1  Default: 1
Optimize a model with 9 rows, 12 columns and 27 nonzeros
Model has 3 quadratic objective terms
Coefficient statistics:
  Matrix range     [1e+00, 1e+01]
  Objective range  [8e+00, 8e+00]
  QObjective range [3e-03, 1e-02]
  Bounds range     [5e-01, 6e+00]
  RHS range        [1e+02, 6e+02]
Presolve removed 0 rows and 1 columns
Presolve time: 0.02s

Barrier solved model in 0 iterations and 0.04 seconds
Model is infeasible

IIS computed: 1 constraints and 3 bounds
IIS runtime: 0.00 seconds

Gurobi 8.0.1 (win64, Python) logging started 09/03/18 15:52:34

Parameter Method unchanged
   Value: -1  Min: -1  Max: 5  Default: -1
Parameter OutputFlag unchanged
   Value: 1  Min: 0  Max: 1  Default: 1
Optimize a model with 9 rows, 12 columns and 27 nonzeros
Model has 3 quadratic objective terms
Coefficient statistics:
  Matrix range     [1e+00, 1e+01]
  Objective range  [8e+00, 8e+00]
  QObjective range [3e-03, 1e-02]
  Bounds range     [5e-01, 6e+00]
  RHS range        [1e+00, 6e+00]
Presolve removed 0 rows and 1 columns
Presolve time: 0.02s

Barrier solved model in 0 iterations and 0.02 seconds
Model is infeasible

IIS computed: 1 constraints and 3 bounds
IIS runtime: 0.01 seconds

Gurobi 8.0.1 (win64, Python) logging started 09/03/18 15:52:46

Parameter Method unchanged
   Value: -1  Min: -1  Max: 5  Default: -1
Parameter OutputFlag unchanged
   Value: 1  Min: 0  Max: 1  Default: 1
Optimize a model with 9 rows, 12 columns and 27 nonzeros
Model has 3 quadratic objective terms
Coefficient statistics:
  Matrix range     [1e+00, 1e+01]
  Objective range  [8e+00, 8e+00]
  QObjective range [3e-03, 1e-02]
  Bounds range     [5e-01, 6e+00]
  RHS range        [1e+00, 6e+00]
Presolve removed 0 rows and 1 columns
Presolve time: 0.03s

Barrier solved model in 0 iterations and 0.03 seconds
Model is infeasible

IIS computed: 1 constraints and 3 bounds
IIS runtime: 0.01 seconds

Gurobi 8.0.1 (win64, Python) logging started 09/03/18 15:55:22

Parameter Method unchanged
   Value: -1  Min: -1  Max: 5  Default: -1
Parameter OutputFlag unchanged
   Value: 1  Min: 0  Max: 1  Default: 1
Optimize a model with 9 rows, 12 columns and 27 nonzeros
Model has 3 quadratic objective terms
Coefficient statistics:
  Matrix range     [1e+00, 1e+01]
  Objective range  [8e+00, 8e+00]
  QObjective range [3e-03, 1e-02]
  Bounds range     [5e-01, 6e+00]
  RHS range        [1e+00, 6e+00]
Presolve removed 9 rows and 12 columns
Presolve time: 0.04s
Presolve: All rows and columns removed

Barrier solved model in 0 iterations and 0.04 seconds
Optimal objective 1.01605475e+03

Gurobi 8.0.1 (win64, Python) logging started 09/03/18 15:56:45

Parameter Method unchanged
   Value: -1  Min: -1  Max: 5  Default: -1
Parameter OutputFlag unchanged
   Value: 1  Min: 0  Max: 1  Default: 1
Optimize a model with 9 rows, 12 columns and 27 nonzeros
Model has 3 quadratic objective terms
Coefficient statistics:
  Matrix range     [1e+00, 1e+01]
  Objective range  [8e+00, 8e+00]
  QObjective range [3e-03, 1e-02]
  Bounds range     [5e-01, 6e+00]
  RHS range        [1e+00, 6e+00]
Presolve removed 0 rows and 1 columns
Presolve time: 0.06s

Barrier solved model in 0 iterations and 0.08 seconds
Model is infeasible

IIS computed: 1 constraints and 3 bounds
IIS runtime: 0.01 seconds

Gurobi 8.0.1 (win64, Python) logging started 09/03/18 15:58:59

Parameter Method unchanged
   Value: -1  Min: -1  Max: 5  Default: -1
Parameter OutputFlag unchanged
   Value: 1  Min: 0  Max: 1  Default: 1
Optimize a model with 9 rows, 12 columns and 27 nonzeros
Model has 3 quadratic objective terms
Coefficient statistics:
  Matrix range     [1e+00, 1e+01]
  Objective range  [8e+00, 8e+00]
  QObjective range [3e-03, 1e-02]
  Bounds range     [5e-01, 6e+00]
  RHS range        [1e+00, 6e+00]
Presolve removed 0 rows and 1 columns
Presolve time: 0.03s

Barrier solved model in 0 iterations and 0.03 seconds
Model is infeasible

IIS computed: 1 constraints and 3 bounds
IIS runtime: 0.00 seconds

Gurobi 8.0.1 (win64, Python) logging started 09/03/18 15:59:15

Parameter Method unchanged
   Value: -1  Min: -1  Max: 5  Default: -1
Parameter OutputFlag unchanged
   Value: 1  Min: 0  Max: 1  Default: 1
Optimize a model with 9 rows, 12 columns and 27 nonzeros
Model has 3 quadratic objective terms
Coefficient statistics:
  Matrix range     [1e+00, 1e+01]
  Objective range  [8e+00, 8e+00]
  QObjective range [3e-03, 1e-02]
  Bounds range     [5e-01, 6e+00]
  RHS range        [1e+00, 6e+00]
Presolve removed 0 rows and 1 columns
Presolve time: 0.04s

Barrier solved model in 0 iterations and 0.04 seconds
Model is infeasible

IIS computed: 1 constraints and 3 bounds
IIS runtime: 0.01 seconds

Gurobi 8.0.1 (win64, Python) logging started 09/03/18 16:02:12

Parameter Method unchanged
   Value: -1  Min: -1  Max: 5  Default: -1
Parameter OutputFlag unchanged
   Value: 1  Min: 0  Max: 1  Default: 1
Optimize a model with 9 rows, 12 columns and 27 nonzeros
Model has 3 quadratic objective terms
Coefficient statistics:
  Matrix range     [1e+00, 1e+01]
  Objective range  [8e+00, 8e+00]
  QObjective range [3e-03, 1e-02]
  Bounds range     [5e-01, 6e+00]
  RHS range        [1e+00, 6e+00]
Presolve removed 0 rows and 1 columns
Presolve time: 0.02s

Barrier solved model in 0 iterations and 0.03 seconds
Model is infeasible

IIS computed: 1 constraints and 3 bounds
IIS runtime: 0.01 seconds

Gurobi 8.0.1 (win64, Python) logging started 09/03/18 16:11:53

Parameter Method unchanged
   Value: -1  Min: -1  Max: 5  Default: -1
Parameter OutputFlag unchanged
   Value: 1  Min: 0  Max: 1  Default: 1
Optimize a model with 9 rows, 12 columns and 27 nonzeros
Model has 3 quadratic objective terms
Coefficient statistics:
  Matrix range     [1e+00, 1e+03]
  Objective range  [8e+00, 8e+00]
  QObjective range [3e-03, 1e-02]
  Bounds range     [3e+00, 6e+02]
  RHS range        [1e+02, 6e+02]
Presolve removed 0 rows and 1 columns
Presolve time: 0.03s

Barrier solved model in 0 iterations and 0.03 seconds
Model is infeasible

IIS computed: 1 constraints and 3 bounds
IIS runtime: 0.01 seconds

Gurobi 8.0.1 (win64, Python) logging started 09/03/18 16:13:45

Parameter Method unchanged
   Value: -1  Min: -1  Max: 5  Default: -1
Parameter OutputFlag unchanged
   Value: 1  Min: 0  Max: 1  Default: 1
Optimize a model with 9 rows, 12 columns and 27 nonzeros
Model has 3 quadratic objective terms
Coefficient statistics:
  Matrix range     [1e+00, 1e+03]
  Objective range  [8e+00, 8e+00]
  QObjective range [3e-03, 1e-02]
  Bounds range     [3e+00, 6e+02]
  RHS range        [1e+02, 6e+02]
Presolve removed 0 rows and 1 columns
Presolve time: 0.02s

Barrier solved model in 0 iterations and 0.02 seconds
Model is infeasible
Iteration    Objective       Primal Inf.    Dual Inf.      Time
       0    9.4900000e+02   2.120575e+03   0.000000e+00      0s

IIS computed: 5 constraints and 3 bounds
IIS runtime: 0.03 seconds

Gurobi 8.0.1 (win64, Python) logging started 09/03/18 16:14:03

Parameter Method unchanged
   Value: -1  Min: -1  Max: 5  Default: -1
Parameter OutputFlag unchanged
   Value: 1  Min: 0  Max: 1  Default: 1
Optimize a model with 9 rows, 12 columns and 27 nonzeros
Model has 3 quadratic objective terms
Coefficient statistics:
  Matrix range     [1e+00, 1e+03]
  Objective range  [8e+00, 8e+00]
  QObjective range [3e-03, 1e-02]
  Bounds range     [3e+00, 6e+02]
  RHS range        [1e+02, 6e+02]
Presolve removed 0 rows and 1 columns
Presolve time: 0.03s

Barrier solved model in 0 iterations and 0.03 seconds
Model is infeasible

IIS computed: 1 constraints and 3 bounds
IIS runtime: 0.00 seconds

Gurobi 8.0.1 (win64, Python) logging started 09/03/18 16:16:11

Parameter Method unchanged
   Value: -1  Min: -1  Max: 5  Default: -1
Parameter OutputFlag unchanged
   Value: 1  Min: 0  Max: 1  Default: 1
Optimize a model with 9 rows, 12 columns and 27 nonzeros
Model has 3 quadratic objective terms
Coefficient statistics:
  Matrix range     [1e+00, 1e+03]
  Objective range  [8e+00, 8e+00]
  QObjective range [3e-03, 1e-02]
  Bounds range     [3e+00, 6e+02]
  RHS range        [1e+02, 6e+02]
Presolve removed 0 rows and 1 columns
Presolve time: 0.04s

Barrier solved model in 0 iterations and 0.04 seconds
Model is infeasible

IIS computed: 1 constraints and 3 bounds
IIS runtime: 0.01 seconds

Gurobi 8.0.1 (win64, Python) logging started 09/03/18 16:22:25

Parameter Method unchanged
   Value: -1  Min: -1  Max: 5  Default: -1
Parameter OutputFlag unchanged
   Value: 1  Min: 0  Max: 1  Default: 1
Optimize a model with 9 rows, 12 columns and 27 nonzeros
Model has 3 quadratic objective terms
Coefficient statistics:
  Matrix range     [1e+00, 1e+03]
  Objective range  [8e+00, 8e+00]
  QObjective range [3e-03, 1e-02]
  Bounds range     [3e+00, 6e+02]
  RHS range        [1e+02, 6e+02]
Presolve removed 0 rows and 1 columns
Presolve time: 0.02s

Barrier solved model in 0 iterations and 0.02 seconds
Model is infeasible

IIS computed: 1 constraints and 3 bounds
IIS runtime: 0.00 seconds

Gurobi 8.0.1 (win64, Python) logging started 09/03/18 16:23:32

Parameter Method unchanged
   Value: -1  Min: -1  Max: 5  Default: -1
Parameter OutputFlag unchanged
   Value: 1  Min: 0  Max: 1  Default: 1
Optimize a model with 9 rows, 12 columns and 27 nonzeros
Model has 3 quadratic objective terms
Coefficient statistics:
  Matrix range     [1e+00, 1e+03]
  Objective range  [8e+00, 8e+00]
  QObjective range [3e-03, 1e-02]
  Bounds range     [3e+00, 6e+02]
  RHS range        [1e+02, 6e+02]
Presolve removed 0 rows and 1 columns
Presolve time: 0.01s

Barrier solved model in 0 iterations and 0.01 seconds
Model is infeasible
Iteration    Objective       Primal Inf.    Dual Inf.      Time
       0    9.4900000e+02   2.008075e+03   0.000000e+00      0s

IIS computed: 5 constraints and 3 bounds
IIS runtime: 0.01 seconds

Gurobi 8.0.1 (win64, Python) logging started 09/03/18 16:24:29

Parameter Method unchanged
   Value: -1  Min: -1  Max: 5  Default: -1
Parameter OutputFlag unchanged
   Value: 1  Min: 0  Max: 1  Default: 1
Optimize a model with 9 rows, 12 columns and 27 nonzeros
Model has 3 quadratic objective terms
Coefficient statistics:
  Matrix range     [1e+00, 1e+03]
  Objective range  [8e+00, 8e+00]
  QObjective range [3e-03, 1e-02]
  Bounds range     [3e+00, 6e+02]
  RHS range        [1e+02, 6e+02]
Presolve removed 0 rows and 1 columns
Presolve time: 0.03s

Barrier solved model in 0 iterations and 0.03 seconds
Model is infeasible

IIS computed: 1 constraints and 3 bounds
IIS runtime: 0.02 seconds

Gurobi 8.0.1 (win64, Python) logging started 09/03/18 16:25:09

Parameter Method unchanged
   Value: -1  Min: -1  Max: 5  Default: -1
Parameter OutputFlag unchanged
   Value: 1  Min: 0  Max: 1  Default: 1
Optimize a model with 9 rows, 12 columns and 27 nonzeros
Model has 3 quadratic objective terms
Coefficient statistics:
  Matrix range     [1e+00, 1e+03]
  Objective range  [8e+00, 8e+00]
  QObjective range [3e-03, 1e-02]
  Bounds range     [6e+00, 6e+02]
  RHS range        [1e+02, 6e+02]
Presolve removed 0 rows and 1 columns
Presolve time: 0.01s

Barrier solved model in 0 iterations and 0.02 seconds
Model is infeasible

IIS computed: 1 constraints and 3 bounds
IIS runtime: 0.00 seconds

Gurobi 8.0.1 (win64, Python) logging started 09/03/18 16:35:02

Parameter Method unchanged
   Value: -1  Min: -1  Max: 5  Default: -1
Parameter OutputFlag unchanged
   Value: 1  Min: 0  Max: 1  Default: 1
Optimize a model with 9 rows, 12 columns and 27 nonzeros
Model has 3 quadratic objective terms
Coefficient statistics:
  Matrix range     [1e+00, 1e+03]
  Objective range  [8e+00, 8e+00]
  QObjective range [3e-03, 1e-02]
  Bounds range     [6e+00, 6e+02]
  RHS range        [1e+02, 6e+02]
Presolve removed 0 rows and 1 columns
Presolve time: 0.02s

Barrier solved model in 0 iterations and 0.03 seconds
Model is infeasible

IIS computed: 1 constraints and 3 bounds
IIS runtime: 0.00 seconds

Gurobi 8.0.1 (win64, Python) logging started 09/03/18 16:35:16

Parameter Method unchanged
   Value: -1  Min: -1  Max: 5  Default: -1
Parameter OutputFlag unchanged
   Value: 1  Min: 0  Max: 1  Default: 1
Optimize a model with 9 rows, 12 columns and 27 nonzeros
Model has 3 quadratic objective terms
Coefficient statistics:
  Matrix range     [1e+00, 1e+03]
  Objective range  [8e+00, 8e+00]
  QObjective range [3e-03, 1e-02]
  Bounds range     [6e+00, 6e+02]
  RHS range        [1e+02, 6e+02]
Presolve removed 0 rows and 1 columns
Presolve time: 0.01s

Barrier solved model in 0 iterations and 0.02 seconds
Model is infeasible

IIS computed: 1 constraints and 3 bounds
IIS runtime: 0.00 seconds

Gurobi 8.0.1 (win64, Python) logging started 09/03/18 17:30:58

Parameter Method unchanged
   Value: -1  Min: -1  Max: 5  Default: -1
Parameter OutputFlag unchanged
   Value: 1  Min: 0  Max: 1  Default: 1
Optimize a model with 9 rows, 12 columns and 27 nonzeros
Model has 3 quadratic objective terms
Coefficient statistics:
  Matrix range     [1e+00, 1e+03]
  Objective range  [8e+00, 8e+00]
  QObjective range [3e-03, 1e-02]
  Bounds range     [6e+00, 6e+02]
  RHS range        [1e+02, 6e+02]
Presolve removed 0 rows and 1 columns
Presolve time: 0.03s

Barrier solved model in 0 iterations and 0.04 seconds
Model is infeasible

IIS computed: 1 constraints and 3 bounds
IIS runtime: 0.00 seconds

Gurobi 8.0.1 (win64, Python) logging started 09/03/18 17:32:15

Parameter Method unchanged
   Value: -1  Min: -1  Max: 5  Default: -1
Parameter OutputFlag unchanged
   Value: 1  Min: 0  Max: 1  Default: 1
Optimize a model with 9 rows, 12 columns and 27 nonzeros
Model has 3 quadratic objective terms
Coefficient statistics:
  Matrix range     [1e+00, 1e+03]
  Objective range  [8e+00, 8e+00]
  QObjective range [3e-03, 1e-02]
  Bounds range     [6e+00, 6e+02]
  RHS range        [1e+02, 6e+02]
Presolve removed 0 rows and 1 columns
Presolve time: 0.09s

Barrier solved model in 0 iterations and 0.10 seconds
Model is infeasible

IIS computed: 1 constraints and 3 bounds
IIS runtime: 0.01 seconds

Gurobi 8.0.1 (win64, Python) logging started 09/03/18 17:32:32

Parameter Method unchanged
   Value: -1  Min: -1  Max: 5  Default: -1
Parameter OutputFlag unchanged
   Value: 1  Min: 0  Max: 1  Default: 1
Optimize a model with 9 rows, 12 columns and 27 nonzeros
Model has 3 quadratic objective terms
Coefficient statistics:
  Matrix range     [1e+00, 1e+03]
  Objective range  [8e+00, 8e+00]
  QObjective range [3e-03, 1e-02]
  Bounds range     [6e+00, 6e+02]
  RHS range        [1e+02, 6e+02]
Presolve removed 0 rows and 1 columns
Presolve time: 0.03s

Barrier solved model in 0 iterations and 0.04 seconds
Model is infeasible

IIS computed: 1 constraints and 3 bounds
IIS runtime: 0.02 seconds

Gurobi 8.0.1 (win64, Python) logging started 09/03/18 17:34:27

Parameter Method unchanged
   Value: -1  Min: -1  Max: 5  Default: -1
Parameter OutputFlag unchanged
   Value: 1  Min: 0  Max: 1  Default: 1
Optimize a model with 9 rows, 12 columns and 27 nonzeros
Model has 3 quadratic objective terms
Coefficient statistics:
  Matrix range     [1e+00, 1e+03]
  Objective range  [8e+00, 8e+00]
  QObjective range [3e-03, 1e-02]
  Bounds range     [6e+00, 6e+02]
  RHS range        [1e+02, 6e+02]
Presolve removed 0 rows and 1 columns
Presolve time: 0.05s

Barrier solved model in 0 iterations and 0.05 seconds
Model is infeasible

IIS computed: 1 constraints and 3 bounds
IIS runtime: 0.00 seconds

Gurobi 8.0.1 (win64, Python) logging started 09/03/18 17:48:37


Gurobi 8.0.1 (win64, Python) logging started 09/03/18 17:49:35

Parameter Method unchanged
   Value: -1  Min: -1  Max: 5  Default: -1
Parameter OutputFlag unchanged
   Value: 1  Min: 0  Max: 1  Default: 1
Optimize a model with 12 rows, 15 columns and 33 nonzeros
Model has 3 quadratic objective terms
Coefficient statistics:
  Matrix range     [1e+00, 1e+03]
  Objective range  [8e+00, 8e+00]
  QObjective range [3e-03, 1e-02]
  Bounds range     [6e+00, 6e+02]
  RHS range        [1e+02, 6e+02]
Presolve removed 3 rows and 4 columns
Presolve time: 0.03s

Barrier solved model in 0 iterations and 0.04 seconds
Model is infeasible

IIS computed: 1 constraints and 4 bounds
IIS runtime: 0.02 seconds

Gurobi 8.0.1 (win64, Python) logging started 09/03/18 17:54:09

Parameter Method unchanged
   Value: -1  Min: -1  Max: 5  Default: -1
Parameter OutputFlag unchanged
   Value: 1  Min: 0  Max: 1  Default: 1
Optimize a model with 12 rows, 15 columns and 33 nonzeros
Model has 3 quadratic objective terms
Coefficient statistics:
  Matrix range     [1e+00, 1e+03]
  Objective range  [8e+00, 8e+00]
  QObjective range [3e-03, 1e-02]
  Bounds range     [6e+00, 6e+02]
  RHS range        [1e+02, 6e+02]
Presolve removed 3 rows and 4 columns
Presolve time: 0.02s

Barrier solved model in 0 iterations and 0.02 seconds
Model is infeasible

IIS computed: 1 constraints and 4 bounds
IIS runtime: 0.00 seconds

Gurobi 8.0.1 (win64, Python) logging started 09/03/18 17:54:21

Parameter Method unchanged
   Value: -1  Min: -1  Max: 5  Default: -1
Parameter OutputFlag unchanged
   Value: 1  Min: 0  Max: 1  Default: 1
Optimize a model with 12 rows, 15 columns and 33 nonzeros
Model has 3 quadratic objective terms
Coefficient statistics:
  Matrix range     [1e+00, 1e+03]
  Objective range  [8e+00, 8e+00]
  QObjective range [3e-03, 1e-02]
  Bounds range     [6e+00, 6e+02]
  RHS range        [1e+02, 6e+02]
Presolve removed 12 rows and 15 columns
Presolve time: 0.02s
Presolve: All rows and columns removed

Barrier solved model in 0 iterations and 0.03 seconds
Optimal objective 8.34503000e+03

Gurobi 8.0.1 (win64, Python) logging started 09/03/18 17:58:29

Parameter Method unchanged
   Value: -1  Min: -1  Max: 5  Default: -1
Parameter OutputFlag unchanged
   Value: 1  Min: 0  Max: 1  Default: 1
Optimize a model with 12 rows, 15 columns and 33 nonzeros
Model has 3 quadratic objective terms
Coefficient statistics:
  Matrix range     [1e+00, 1e+03]
  Objective range  [8e+00, 8e+00]
  QObjective range [3e-03, 1e-02]
  Bounds range     [6e+00, 6e+02]
  RHS range        [1e+02, 6e+02]
Presolve removed 3 rows and 4 columns
Presolve time: 0.03s

Barrier solved model in 0 iterations and 0.04 seconds
Model is infeasible

IIS computed: 1 constraints and 4 bounds
IIS runtime: 0.00 seconds

Gurobi 8.0.1 (win64, Python) logging started 09/03/18 17:58:59

Parameter Method unchanged
   Value: -1  Min: -1  Max: 5  Default: -1
Parameter OutputFlag unchanged
   Value: 1  Min: 0  Max: 1  Default: 1
Optimize a model with 12 rows, 15 columns and 36 nonzeros
Model has 3 quadratic objective terms
Coefficient statistics:
  Matrix range     [1e+00, 4e+03]
  Objective range  [8e+00, 8e+00]
  QObjective range [3e-03, 1e-02]
  Bounds range     [6e+00, 6e+02]
  RHS range        [1e+02, 6e+02]
Presolve removed 1 rows and 2 columns
Presolve time: 0.03s

Barrier solved model in 0 iterations and 0.03 seconds
Model is infeasible

IIS computed: 1 constraints and 4 bounds
IIS runtime: 0.00 seconds

Gurobi 8.0.1 (win64, Python) logging started 09/03/18 18:03:15

Parameter Method unchanged
   Value: -1  Min: -1  Max: 5  Default: -1
Parameter OutputFlag unchanged
   Value: 1  Min: 0  Max: 1  Default: 1
Optimize a model with 12 rows, 15 columns and 33 nonzeros
Model has 3 quadratic objective terms
Coefficient statistics:
  Matrix range     [1e+00, 1e+03]
  Objective range  [8e+00, 8e+00]
  QObjective range [3e-03, 1e-02]
  Bounds range     [6e+00, 6e+02]
  RHS range        [1e+02, 6e+02]
Presolve removed 3 rows and 4 columns
Presolve time: 0.04s

Barrier solved model in 0 iterations and 0.06 seconds
Model is infeasible

IIS computed: 1 constraints and 4 bounds
IIS runtime: 0.00 seconds

Gurobi 8.0.1 (win64, Python) logging started 09/04/18 10:34:26

Parameter Method unchanged
   Value: -1  Min: -1  Max: 5  Default: -1
Parameter OutputFlag unchanged
   Value: 1  Min: 0  Max: 1  Default: 1
Optimize a model with 12 rows, 15 columns and 33 nonzeros
Model has 3 quadratic objective terms
Coefficient statistics:
  Matrix range     [1e+00, 1e+03]
  Objective range  [8e+00, 8e+00]
  QObjective range [3e-03, 1e-02]
  Bounds range     [6e+00, 1e+03]
  RHS range        [1e+02, 6e+02]
Presolve removed 7 rows and 8 columns
Presolve time: 0.04s
Presolved: 5 rows, 7 columns, 15 nonzeros
Presolved model has 3 quadratic objective terms
Ordering time: 0.00s

Barrier statistics:
 AA' NZ     : 9.000e+00
 Factor NZ  : 1.500e+01
 Factor Ops : 5.500e+01 (less than 1 second per iteration)
 Threads    : 1

                  Objective                Residual
Iter       Primal          Dual         Primal    Dual     Compl     Time
   0   1.57973258e+06 -2.17125949e+06  2.50e+03 9.93e+02  1.07e+06     0s
   1   8.20297369e+03 -7.59920431e+05  2.50e-03 9.93e-04  5.49e+04     0s
   2   8.20248654e+03  3.59674720e+03  1.25e-05 4.97e-06  3.29e+02     0s
   3   8.20529932e+03  7.74849234e+03  1.25e-11 4.97e-12  3.26e+01     0s
   4   8.19571827e+03  8.18166007e+03  1.71e-13 1.78e-14  1.00e+00     0s
   5   8.19436249e+03  8.19368128e+03  8.81e-12 6.28e-15  4.87e-02     0s
   6   8.19435612e+03  8.19435545e+03  4.95e-12 8.88e-15  4.78e-05     0s
   7   8.19435612e+03  8.19435612e+03  6.65e-12 1.24e-14  4.79e-08     0s
   8   8.19435612e+03  8.19435612e+03  8.41e-12 7.11e-15  4.79e-11     0s

Barrier solved model in 8 iterations and 0.11 seconds
Optimal objective 8.19435612e+03


Gurobi 8.0.1 (win64, Python) logging started 09/04/18 21:23:10

Parameter Method unchanged
   Value: -1  Min: -1  Max: 5  Default: -1
Parameter OutputFlag unchanged
   Value: 1  Min: 0  Max: 1  Default: 1
Optimize a model with 9 rows, 12 columns and 27 nonzeros
Model has 3 quadratic objective terms
Coefficient statistics:
  Matrix range     [1e+00, 1e+03]
  Objective range  [8e+00, 8e+00]
  QObjective range [3e-03, 1e-02]
  Bounds range     [6e+00, 1e+03]
  RHS range        [1e+02, 6e+02]
Presolve removed 4 rows and 5 columns
Presolve time: 0.01s
Presolved: 5 rows, 7 columns, 15 nonzeros
Presolved model has 3 quadratic objective terms
Ordering time: 0.00s

Barrier statistics:
 AA' NZ     : 9.000e+00
 Factor NZ  : 1.500e+01
 Factor Ops : 5.500e+01 (less than 1 second per iteration)
 Threads    : 1

                  Objective                Residual
Iter       Primal          Dual         Primal    Dual     Compl     Time
   0   1.57973258e+06 -2.17125949e+06  2.50e+03 9.93e+02  1.07e+06     0s
   1   8.20297369e+03 -7.59920431e+05  2.50e-03 9.93e-04  5.49e+04     0s
   2   8.20248654e+03  3.59674720e+03  1.25e-05 4.97e-06  3.29e+02     0s
   3   8.20529932e+03  7.74849234e+03  1.25e-11 4.98e-12  3.26e+01     0s
   4   8.19571827e+03  8.18166007e+03  1.71e-13 2.49e-14  1.00e+00     0s
   5   8.19436249e+03  8.19368128e+03  2.44e-12 5.33e-15  4.87e-02     0s
   6   8.19435612e+03  8.19435545e+03  9.15e-12 1.07e-14  4.78e-05     0s
   7   8.19435612e+03  8.19435612e+03  1.34e-11 8.88e-15  4.79e-08     0s
   8   8.19435612e+03  8.19435612e+03  6.91e-12 1.42e-14  4.79e-11     0s

Barrier solved model in 8 iterations and 0.03 seconds
Optimal objective 8.19435612e+03

Parameter Method unchanged
   Value: -1  Min: -1  Max: 5  Default: -1
Parameter OutputFlag unchanged
   Value: 1  Min: 0  Max: 1  Default: 1
Optimize a model with 15 rows, 42 columns and 42 nonzeros
Model has 3 quadratic objective terms
Coefficient statistics:
  Matrix range     [1e+00, 1e+03]
  Objective range  [8e+00, 8e+00]
  QObjective range [3e-03, 1e-02]
  Bounds range     [6e+00, 1e+03]
  RHS range        [1e+02, 6e+02]
Presolve removed 10 rows and 35 columns
Presolve time: 0.01s
Presolved: 5 rows, 7 columns, 15 nonzeros
Ordering time: 0.00s

Barrier statistics:
 AA' NZ     : 9.000e+00
 Factor NZ  : 1.500e+01
 Factor Ops : 5.500e+01 (less than 1 second per iteration)
 Threads    : 1

                  Objective                Residual
Iter       Primal          Dual         Primal    Dual     Compl     Time
   0   6.46774500e+03  6.35649500e+03  1.57e+02 0.00e+00  1.32e+01     0s
   1   6.46774500e+03  6.45303098e+03  2.84e-14 1.39e-17  1.05e+00     0s
   2   6.46774500e+03  6.46773029e+03  2.84e-14 4.34e-18  1.05e-03     0s
   3   6.46774500e+03  6.46774499e+03  5.68e-14 8.47e-21  1.05e-06     0s
   4   6.46774500e+03  6.46774500e+03  5.68e-14 1.65e-23  1.05e-09     0s
   5   6.46774500e+03  6.46774500e+03  2.84e-14 1.13e-26  1.05e-12     0s

Barrier solved model in 5 iterations and 0.02 seconds
Optimal objective 6.46774500e+03


Gurobi 8.0.1 (win64, Python) logging started 09/04/18 22:16:40

Parameter Method unchanged
   Value: -1  Min: -1  Max: 5  Default: -1
Parameter OutputFlag unchanged
   Value: 1  Min: 0  Max: 1  Default: 1
Optimize a model with 6 rows, 9 columns and 15 nonzeros
Model has 3 quadratic objective terms
Coefficient statistics:
  Matrix range     [1e+00, 1e+03]
  Objective range  [8e+00, 8e+00]
  QObjective range [3e-03, 1e-02]
  Bounds range     [6e+00, 1e+03]
  RHS range        [1e+02, 6e+02]
Presolve removed 6 rows and 9 columns
Presolve time: 0.01s
Presolve: All rows and columns removed

Barrier solved model in 0 iterations and 0.01 seconds
Optimal objective 6.46774500e+03

Gurobi 8.0.1 (win64, Python) logging started 09/04/18 22:18:42

Parameter Method unchanged
   Value: -1  Min: -1  Max: 5  Default: -1
Parameter OutputFlag unchanged
   Value: 1  Min: 0  Max: 1  Default: 1
Optimize a model with 6 rows, 9 columns and 15 nonzeros
Model has 3 quadratic objective terms
Coefficient statistics:
  Matrix range     [1e+00, 1e+03]
  Objective range  [8e+00, 8e+00]
  QObjective range [3e-03, 1e-02]
  Bounds range     [6e+00, 1e+03]
  RHS range        [1e+02, 6e+02]
Presolve removed 6 rows and 9 columns
Presolve time: 0.01s
Presolve: All rows and columns removed

Barrier solved model in 0 iterations and 0.01 seconds
Optimal objective 6.46774500e+03

Gurobi 8.0.1 (win64, Python) logging started 09/04/18 22:22:04

Parameter Method unchanged
   Value: -1  Min: -1  Max: 5  Default: -1
Parameter OutputFlag unchanged
   Value: 1  Min: 0  Max: 1  Default: 1
Optimize a model with 6 rows, 9 columns and 15 nonzeros
Model has 3 quadratic objective terms
Coefficient statistics:
  Matrix range     [1e+00, 1e+03]
  Objective range  [8e+00, 8e+00]
  QObjective range [3e-03, 1e-02]
  Bounds range     [6e+00, 2e+03]
  RHS range        [1e+02, 6e+02]
Presolve removed 4 rows and 5 columns
Presolve time: 0.01s
Presolved: 2 rows, 4 columns, 6 nonzeros
Presolved model has 2 quadratic objective terms
Ordering time: 0.00s

Barrier statistics:
 AA' NZ     : 1.000e+00
 Factor NZ  : 3.000e+00
 Factor Ops : 5.000e+00 (less than 1 second per iteration)
 Threads    : 1

                  Objective                Residual
Iter       Primal          Dual         Primal    Dual     Compl     Time
   0   1.19965233e+06 -1.21531078e+06  1.00e+03 9.93e+02  1.04e+06     0s
   1   8.65873754e+03 -2.59412046e+05  3.54e+00 2.25e+00  3.55e+04     0s
   2   7.60737756e+03 -2.68133789e+04  2.73e-01 2.71e-01  4.33e+03     0s
   3   4.51956321e+03 -7.23632370e+03  2.55e-02 2.53e-02  1.47e+03     0s
   4   3.84914830e+03  3.76076589e+03  2.55e-08 2.53e-08  1.10e+01     0s
   5   3.82177244e+03  3.82168271e+03  2.59e-11 2.57e-11  1.12e-02     0s
   6   3.82174503e+03  3.82174494e+03  5.68e-14 2.40e-14  1.12e-05     0s
   7   3.82174500e+03  3.82174500e+03  1.42e-14 1.75e-22  1.12e-08     0s
   8   3.82174500e+03  3.82174500e+03  1.07e-14 5.32e-14  1.12e-11     0s

Barrier solved model in 8 iterations and 0.03 seconds
Optimal objective 3.82174500e+03


Gurobi 8.0.1 (win64, Python) logging started 09/04/18 22:27:52

Parameter Method unchanged
   Value: -1  Min: -1  Max: 5  Default: -1
Parameter OutputFlag unchanged
   Value: 1  Min: 0  Max: 1  Default: 1
Optimize a model with 6 rows, 9 columns and 15 nonzeros
Model has 3 quadratic objective terms
Coefficient statistics:
  Matrix range     [1e+00, 1e+03]
  Objective range  [8e+00, 8e+00]
  QObjective range [3e-03, 1e-02]
  Bounds range     [6e+00, 2e+03]
  RHS range        [1e+02, 6e+02]
Presolve removed 4 rows and 5 columns
Presolve time: 0.01s
Presolved: 2 rows, 4 columns, 6 nonzeros
Presolved model has 2 quadratic objective terms
Ordering time: 0.00s

Barrier statistics:
 AA' NZ     : 1.000e+00
 Factor NZ  : 3.000e+00
 Factor Ops : 5.000e+00 (less than 1 second per iteration)
 Threads    : 1

                  Objective                Residual
Iter       Primal          Dual         Primal    Dual     Compl     Time
   0   1.19965233e+06 -1.21531078e+06  1.00e+03 9.93e+02  1.04e+06     0s
   1   8.65873754e+03 -2.59412046e+05  3.54e+00 2.25e+00  3.55e+04     0s
   2   7.60737756e+03 -2.68133789e+04  2.73e-01 2.71e-01  4.33e+03     0s
   3   4.51956321e+03 -7.23632370e+03  2.55e-02 2.53e-02  1.47e+03     0s
   4   3.84914830e+03  3.76076589e+03  2.55e-08 2.53e-08  1.10e+01     0s
   5   3.82177244e+03  3.82168271e+03  2.59e-11 2.57e-11  1.12e-02     0s
   6   3.82174503e+03  3.82174494e+03  5.68e-14 2.40e-14  1.12e-05     0s
   7   3.82174500e+03  3.82174500e+03  1.42e-14 1.75e-22  1.12e-08     0s
   8   3.82174500e+03  3.82174500e+03  1.07e-14 5.32e-14  1.12e-11     0s

Barrier solved model in 8 iterations and 0.03 seconds
Optimal objective 3.82174500e+03


Gurobi 8.0.1 (win64, Python) logging started 09/04/18 22:30:46

Parameter Method unchanged
   Value: -1  Min: -1  Max: 5  Default: -1
Parameter OutputFlag unchanged
   Value: 1  Min: 0  Max: 1  Default: 1
Optimize a model with 9 rows, 12 columns and 27 nonzeros
Model has 3 quadratic objective terms
Coefficient statistics:
  Matrix range     [1e+00, 1e+03]
  Objective range  [8e+00, 8e+00]
  QObjective range [3e-03, 1e-02]
  Bounds range     [6e+00, 2e+03]
  RHS range        [1e+02, 6e+02]
Presolve removed 8 rows and 9 columns
Presolve time: 0.01s
Presolved: 1 rows, 3 columns, 3 nonzeros
Presolved model has 3 quadratic objective terms
Ordering time: 0.00s

Barrier statistics:
 AA' NZ     : 0.000e+00
 Factor NZ  : 1.000e+00
 Factor Ops : 1.000e+00 (less than 1 second per iteration)
 Threads    : 1

                  Objective                Residual
Iter       Primal          Dual         Primal    Dual     Compl     Time
   0   1.57901300e+06 -1.29551045e+06  2.50e+03 9.93e+02  1.01e+06     0s
   1   8.19941466e+03 -5.67640472e+04  2.50e-03 9.93e-04  1.08e+04     0s
   2   8.19893618e+03  8.08373207e+03  1.79e-06 7.12e-07  1.92e+01     0s
   3   8.19440913e+03  8.19137703e+03  5.60e-09 2.23e-09  5.05e-01     0s
   4   8.19435612e+03  8.19434428e+03  0.00e+00 0.00e+00  1.97e-03     0s
   5   8.19435612e+03  8.19435611e+03  0.00e+00 1.78e-15  1.97e-06     0s
   6   8.19435612e+03  8.19435612e+03  0.00e+00 5.33e-15  1.97e-09     0s

Barrier solved model in 6 iterations and 0.03 seconds
Optimal objective 8.19435612e+03


Gurobi 8.0.1 (win64, Python) logging started 09/04/18 22:30:56

Parameter Method unchanged
   Value: -1  Min: -1  Max: 5  Default: -1
Parameter OutputFlag unchanged
   Value: 1  Min: 0  Max: 1  Default: 1
Optimize a model with 9 rows, 12 columns and 27 nonzeros
Model has 3 quadratic objective terms
Coefficient statistics:
  Matrix range     [1e+00, 1e+03]
  Objective range  [8e+00, 8e+00]
  QObjective range [3e-03, 1e-02]
  Bounds range     [6e+00, 2e+03]
  RHS range        [1e+02, 6e+02]
Presolve removed 8 rows and 9 columns
Presolve time: 0.01s
Presolved: 1 rows, 3 columns, 3 nonzeros
Presolved model has 3 quadratic objective terms
Ordering time: 0.00s

Barrier statistics:
 AA' NZ     : 0.000e+00
 Factor NZ  : 1.000e+00
 Factor Ops : 1.000e+00 (less than 1 second per iteration)
 Threads    : 1

                  Objective                Residual
Iter       Primal          Dual         Primal    Dual     Compl     Time
   0   1.57901300e+06 -1.29551045e+06  2.50e+03 9.93e+02  1.01e+06     0s
   1   8.19941466e+03 -5.67640472e+04  2.50e-03 9.93e-04  1.08e+04     0s
   2   8.19893618e+03  8.08373207e+03  1.79e-06 7.12e-07  1.92e+01     0s
   3   8.19440913e+03  8.19137703e+03  5.60e-09 2.23e-09  5.05e-01     0s
   4   8.19435612e+03  8.19434428e+03  0.00e+00 0.00e+00  1.97e-03     0s
   5   8.19435612e+03  8.19435611e+03  0.00e+00 1.78e-15  1.97e-06     0s
   6   8.19435612e+03  8.19435612e+03  0.00e+00 5.33e-15  1.97e-09     0s

Barrier solved model in 6 iterations and 0.02 seconds
Optimal objective 8.19435612e+03

Parameter Method unchanged
   Value: -1  Min: -1  Max: 5  Default: -1
Parameter OutputFlag unchanged
   Value: 1  Min: 0  Max: 1  Default: 1
Optimize a model with 9 rows, 12 columns and 27 nonzeros
Model has 3 quadratic objective terms
Coefficient statistics:
  Matrix range     [1e+00, 1e+03]
  Objective range  [8e+00, 8e+00]
  QObjective range [3e-03, 1e-02]
  Bounds range     [6e+00, 2e+03]
  RHS range        [1e+02, 6e+02]
Presolve removed 8 rows and 9 columns
Presolve time: 0.01s
Presolved: 1 rows, 3 columns, 3 nonzeros
Presolved model has 3 quadratic objective terms
Ordering time: 0.00s

Barrier statistics:
 AA' NZ     : 0.000e+00
 Factor NZ  : 1.000e+00
 Factor Ops : 1.000e+00 (less than 1 second per iteration)
 Threads    : 1

                  Objective                Residual
Iter       Primal          Dual         Primal    Dual     Compl     Time
   0   1.57901300e+06 -1.29551045e+06  2.50e+03 9.93e+02  1.01e+06     0s
   1   8.19941466e+03 -5.67640472e+04  2.50e-03 9.93e-04  1.08e+04     0s
   2   8.19893618e+03  8.08373207e+03  1.79e-06 7.12e-07  1.92e+01     0s
   3   8.19440913e+03  8.19137703e+03  5.60e-09 2.23e-09  5.05e-01     0s
   4   8.19435612e+03  8.19434428e+03  0.00e+00 0.00e+00  1.97e-03     0s
   5   8.19435612e+03  8.19435611e+03  0.00e+00 1.78e-15  1.97e-06     0s
   6   8.19435612e+03  8.19435612e+03  0.00e+00 5.33e-15  1.97e-09     0s

Barrier solved model in 6 iterations and 0.02 seconds
Optimal objective 8.19435612e+03


Gurobi 8.0.1 (win64, Python) logging started 09/06/18 21:49:18


Gurobi 8.0.1 (win64, Python) logging started 09/06/18 21:50:33

Parameter Method unchanged
   Value: -1  Min: -1  Max: 5  Default: -1
Parameter OutputFlag unchanged
   Value: 1  Min: 0  Max: 1  Default: 1
Optimize a model with 18 rows, 24 columns and 54 nonzeros
Model has 6 quadratic objective terms
Coefficient statistics:
  Matrix range     [1e+00, 1e+03]
  Objective range  [8e+00, 8e+00]
  QObjective range [3e-03, 1e-02]
  Bounds range     [1e+01, 2e+03]
  RHS range        [1e+02, 6e+02]
Presolve removed 16 rows and 18 columns
Presolve time: 0.01s
Presolved: 2 rows, 6 columns, 6 nonzeros
Presolved model has 6 quadratic objective terms
Ordering time: 0.00s

Barrier statistics:
 AA' NZ     : 0.000e+00
 Factor NZ  : 2.000e+00
 Factor Ops : 2.000e+00 (less than 1 second per iteration)
 Threads    : 1

                  Objective                Residual
Iter       Primal          Dual         Primal    Dual     Compl     Time
   0   3.16158482e+06 -2.60226033e+06  2.50e+03 9.93e+02  1.01e+06     0s
   1   1.65576069e+04 -1.21974209e+05  2.50e-03 9.93e-04  1.15e+04     0s
   2   1.65536419e+04  1.59294252e+04  6.71e-06 2.67e-06  5.20e+01     0s
   3   1.64557077e+04  1.63960726e+04  6.71e-12 2.66e-12  4.97e+00     0s
   4   1.64456847e+04  1.64418867e+04  7.11e-15 1.78e-15  3.16e-01     0s
   5   1.64452578e+04  1.64450902e+04  7.11e-15 1.78e-15  1.40e-02     0s
   6   1.64452357e+04  1.64452251e+04  0.00e+00 1.24e-14  8.82e-04     0s
   7   1.64452355e+04  1.64452355e+04  0.00e+00 8.88e-15  1.71e-06     0s
   8   1.64452355e+04  1.64452355e+04  0.00e+00 5.33e-15  1.71e-09     0s

Barrier solved model in 8 iterations and 0.03 seconds
Optimal objective 1.64452355e+04


Gurobi 8.0.1 (win64, Python) logging started 09/06/18 22:24:43

Parameter Method unchanged
   Value: -1  Min: -1  Max: 5  Default: -1
Parameter OutputFlag unchanged
   Value: 1  Min: 0  Max: 1  Default: 1
Optimize a model with 18 rows, 24 columns and 54 nonzeros
Model has 6 quadratic objective terms
Coefficient statistics:
  Matrix range     [1e+00, 1e+03]
  Objective range  [8e+00, 8e+00]
  QObjective range [3e-03, 1e-02]
  Bounds range     [1e+01, 2e+03]
  RHS range        [1e+02, 6e+02]
Presolve removed 16 rows and 18 columns
Presolve time: 0.01s
Presolved: 2 rows, 6 columns, 6 nonzeros
Presolved model has 6 quadratic objective terms
Ordering time: 0.00s

Barrier statistics:
 AA' NZ     : 0.000e+00
 Factor NZ  : 2.000e+00
 Factor Ops : 2.000e+00 (less than 1 second per iteration)
 Threads    : 1

                  Objective                Residual
Iter       Primal          Dual         Primal    Dual     Compl     Time
   0   3.16158482e+06 -2.60226033e+06  2.50e+03 9.93e+02  1.01e+06     0s
   1   1.65576069e+04 -1.21974209e+05  2.50e-03 9.93e-04  1.15e+04     0s
   2   1.65536419e+04  1.59294252e+04  6.71e-06 2.67e-06  5.20e+01     0s
   3   1.64557077e+04  1.63960726e+04  6.71e-12 2.66e-12  4.97e+00     0s
   4   1.64456847e+04  1.64418867e+04  7.11e-15 1.78e-15  3.16e-01     0s
   5   1.64452578e+04  1.64450902e+04  7.11e-15 1.78e-15  1.40e-02     0s
   6   1.64452357e+04  1.64452251e+04  0.00e+00 1.24e-14  8.82e-04     0s
   7   1.64452355e+04  1.64452355e+04  0.00e+00 8.88e-15  1.71e-06     0s
   8   1.64452355e+04  1.64452355e+04  0.00e+00 5.33e-15  1.71e-09     0s

Barrier solved model in 8 iterations and 0.03 seconds
Optimal objective 1.64452355e+04

Parameter Method unchanged
   Value: -1  Min: -1  Max: 5  Default: -1
Parameter OutputFlag unchanged
   Value: 1  Min: 0  Max: 1  Default: 1
Optimize a model with 36 rows, 48 columns and 108 nonzeros
Model has 6 quadratic objective terms
Coefficient statistics:
  Matrix range     [1e+00, 1e+03]
  Objective range  [8e+00, 8e+00]
  QObjective range [3e-03, 1e-02]
  Bounds range     [1e+01, 2e+03]
  RHS range        [1e+02, 6e+02]
Presolve removed 34 rows and 42 columns
Presolve time: 0.01s
Presolved: 2 rows, 6 columns, 6 nonzeros
Presolved model has 6 quadratic objective terms
Ordering time: 0.00s

Barrier statistics:
 AA' NZ     : 0.000e+00
 Factor NZ  : 2.000e+00
 Factor Ops : 2.000e+00 (less than 1 second per iteration)
 Threads    : 1

                  Objective                Residual
Iter       Primal          Dual         Primal    Dual     Compl     Time
   0   3.16158482e+06 -2.60226033e+06  2.50e+03 9.93e+02  1.01e+06     0s
   1   1.65576069e+04 -1.21974209e+05  2.50e-03 9.93e-04  1.15e+04     0s
   2   1.65536419e+04  1.59294252e+04  6.71e-06 2.67e-06  5.20e+01     0s
   3   1.64557077e+04  1.63960726e+04  6.71e-12 2.66e-12  4.97e+00     0s
   4   1.64456847e+04  1.64418867e+04  7.11e-15 1.78e-15  3.16e-01     0s
   5   1.64452578e+04  1.64450902e+04  7.11e-15 1.78e-15  1.40e-02     0s
   6   1.64452357e+04  1.64452251e+04  0.00e+00 1.24e-14  8.82e-04     0s
   7   1.64452355e+04  1.64452355e+04  0.00e+00 8.88e-15  1.71e-06     0s
   8   1.64452355e+04  1.64452355e+04  0.00e+00 5.33e-15  1.71e-09     0s

Barrier solved model in 8 iterations and 0.02 seconds
Optimal objective 1.64452355e+04

Warning: variables 0 and 24 have the same name "Pgen[0,0]"
Warning: linear constraint 0 and linear constraint 18 have the same name "PowerFlow[0,1,0]"
Warning: to let Gurobi read it back, use rlp format

Gurobi 8.0.1 (win64, Python) logging started 09/06/18 22:29:52

Parameter Method unchanged
   Value: -1  Min: -1  Max: 5  Default: -1
Parameter OutputFlag unchanged
   Value: 1  Min: 0  Max: 1  Default: 1
Optimize a model with 18 rows, 24 columns and 54 nonzeros
Model has 6 quadratic objective terms
Coefficient statistics:
  Matrix range     [1e+00, 1e+03]
  Objective range  [8e+00, 8e+00]
  QObjective range [3e-03, 1e-02]
  Bounds range     [1e+01, 2e+03]
  RHS range        [1e+02, 6e+02]
Presolve removed 16 rows and 18 columns
Presolve time: 0.01s
Presolved: 2 rows, 6 columns, 6 nonzeros
Presolved model has 6 quadratic objective terms
Ordering time: 0.00s

Barrier statistics:
 AA' NZ     : 0.000e+00
 Factor NZ  : 2.000e+00
 Factor Ops : 2.000e+00 (less than 1 second per iteration)
 Threads    : 1

                  Objective                Residual
Iter       Primal          Dual         Primal    Dual     Compl     Time
   0   3.16158482e+06 -2.60226033e+06  2.50e+03 9.93e+02  1.01e+06     0s
   1   1.65576069e+04 -1.21974209e+05  2.50e-03 9.93e-04  1.15e+04     0s
   2   1.65536419e+04  1.59294252e+04  6.71e-06 2.67e-06  5.20e+01     0s
   3   1.64557077e+04  1.63960726e+04  6.71e-12 2.66e-12  4.97e+00     0s
   4   1.64456847e+04  1.64418867e+04  7.11e-15 1.78e-15  3.16e-01     0s
   5   1.64452578e+04  1.64450902e+04  7.11e-15 1.78e-15  1.40e-02     0s
   6   1.64452357e+04  1.64452251e+04  0.00e+00 1.24e-14  8.82e-04     0s
   7   1.64452355e+04  1.64452355e+04  0.00e+00 8.88e-15  1.71e-06     0s
   8   1.64452355e+04  1.64452355e+04  0.00e+00 5.33e-15  1.71e-09     0s

Barrier solved model in 8 iterations and 0.03 seconds
Optimal objective 1.64452355e+04


Gurobi 8.0.1 (win64, Python) logging started 09/06/18 22:31:29

Parameter Method unchanged
   Value: -1  Min: -1  Max: 5  Default: -1
Parameter OutputFlag unchanged
   Value: 1  Min: 0  Max: 1  Default: 1
Optimize a model with 18 rows, 24 columns and 54 nonzeros
Model has 6 quadratic objective terms
Coefficient statistics:
  Matrix range     [1e+00, 1e+03]
  Objective range  [8e+00, 8e+00]
  QObjective range [3e-03, 1e-02]
  Bounds range     [1e+01, 2e+03]
  RHS range        [1e+02, 6e+02]
Presolve removed 16 rows and 18 columns
Presolve time: 0.01s
Presolved: 2 rows, 6 columns, 6 nonzeros
Presolved model has 6 quadratic objective terms
Ordering time: 0.00s

Barrier statistics:
 AA' NZ     : 0.000e+00
 Factor NZ  : 2.000e+00
 Factor Ops : 2.000e+00 (less than 1 second per iteration)
 Threads    : 1

                  Objective                Residual
Iter       Primal          Dual         Primal    Dual     Compl     Time
   0   3.15802601e+06 -2.59102091e+06  2.50e+03 9.93e+02  1.01e+06     0s
   1   1.63988293e+04 -1.13528094e+05  2.50e-03 9.93e-04  1.08e+04     0s
   2   1.63978724e+04  1.61674641e+04  1.79e-06 7.12e-07  1.92e+01     0s
   3   1.63888183e+04  1.63827541e+04  5.60e-09 2.23e-09  5.05e-01     0s
   4   1.63887122e+04  1.63886886e+04  0.00e+00 0.00e+00  1.97e-03     0s
   5   1.63887122e+04  1.63887122e+04  0.00e+00 1.78e-15  1.97e-06     0s
   6   1.63887122e+04  1.63887122e+04  0.00e+00 5.33e-15  1.97e-09     0s

Barrier solved model in 6 iterations and 0.03 seconds
Optimal objective 1.63887122e+04


Gurobi 8.0.1 (win64, Python) logging started 09/06/18 22:41:22

Parameter Method unchanged
   Value: -1  Min: -1  Max: 5  Default: -1
Parameter OutputFlag unchanged
   Value: 1  Min: 0  Max: 1  Default: 1
Optimize a model with 18 rows, 24 columns and 54 nonzeros
Model has 6 quadratic objective terms
Coefficient statistics:
  Matrix range     [1e+00, 1e+03]
  Objective range  [8e+00, 8e+00]
  QObjective range [3e-03, 1e-02]
  Bounds range     [1e+01, 2e+03]
  RHS range        [1e+02, 6e+02]
Presolve removed 16 rows and 18 columns
Presolve time: 0.01s
Presolved: 2 rows, 6 columns, 6 nonzeros
Presolved model has 6 quadratic objective terms
Ordering time: 0.00s

Barrier statistics:
 AA' NZ     : 0.000e+00
 Factor NZ  : 2.000e+00
 Factor Ops : 2.000e+00 (less than 1 second per iteration)
 Threads    : 1

                  Objective                Residual
Iter       Primal          Dual         Primal    Dual     Compl     Time
   0   3.15802601e+06 -2.59102091e+06  2.50e+03 9.93e+02  1.01e+06     0s
   1   1.63988293e+04 -1.13528094e+05  2.50e-03 9.93e-04  1.08e+04     0s
   2   1.63978724e+04  1.61674641e+04  1.79e-06 7.12e-07  1.92e+01     0s
   3   1.63888183e+04  1.63827541e+04  5.60e-09 2.23e-09  5.05e-01     0s
   4   1.63887122e+04  1.63886886e+04  0.00e+00 0.00e+00  1.97e-03     0s
   5   1.63887122e+04  1.63887122e+04  0.00e+00 1.78e-15  1.97e-06     0s
   6   1.63887122e+04  1.63887122e+04  0.00e+00 5.33e-15  1.97e-09     0s

Barrier solved model in 6 iterations and 0.02 seconds
Optimal objective 1.63887122e+04


Gurobi 8.0.1 (win64, Python) logging started 09/06/18 22:45:19

Parameter Method unchanged
   Value: -1  Min: -1  Max: 5  Default: -1
Parameter OutputFlag unchanged
   Value: 1  Min: 0  Max: 1  Default: 1
Optimize a model with 9 rows, 12 columns and 27 nonzeros
Model has 3 quadratic objective terms
Coefficient statistics:
  Matrix range     [1e+00, 1e+03]
  Objective range  [8e+00, 8e+00]
  QObjective range [3e-03, 1e-02]
  Bounds range     [6e+00, 2e+03]
  RHS range        [1e+02, 6e+02]
Presolve removed 8 rows and 9 columns
Presolve time: 0.01s
Presolved: 1 rows, 3 columns, 3 nonzeros
Presolved model has 3 quadratic objective terms
Ordering time: 0.00s

Barrier statistics:
 AA' NZ     : 0.000e+00
 Factor NZ  : 1.000e+00
 Factor Ops : 1.000e+00 (less than 1 second per iteration)
 Threads    : 1

                  Objective                Residual
Iter       Primal          Dual         Primal    Dual     Compl     Time
   0   1.57901300e+06 -1.29551045e+06  2.50e+03 9.93e+02  1.01e+06     0s
   1   8.19941466e+03 -5.67640472e+04  2.50e-03 9.93e-04  1.08e+04     0s
   2   8.19893618e+03  8.08373207e+03  1.79e-06 7.12e-07  1.92e+01     0s
   3   8.19440913e+03  8.19137703e+03  5.60e-09 2.23e-09  5.05e-01     0s
   4   8.19435612e+03  8.19434428e+03  0.00e+00 0.00e+00  1.97e-03     0s
   5   8.19435612e+03  8.19435611e+03  0.00e+00 1.78e-15  1.97e-06     0s
   6   8.19435612e+03  8.19435612e+03  0.00e+00 5.33e-15  1.97e-09     0s

Barrier solved model in 6 iterations and 0.02 seconds
Optimal objective 8.19435612e+03


Gurobi 8.0.1 (win64, Python) logging started 09/06/18 22:48:12

Parameter Method unchanged
   Value: -1  Min: -1  Max: 5  Default: -1
Parameter OutputFlag unchanged
   Value: 1  Min: 0  Max: 1  Default: 1
Optimize a model with 9 rows, 12 columns and 27 nonzeros
Model has 3 quadratic objective terms
Coefficient statistics:
  Matrix range     [1e+00, 1e+03]
  Objective range  [8e+00, 8e+00]
  QObjective range [3e-03, 1e-02]
  Bounds range     [6e+00, 2e+03]
  RHS range        [1e+02, 6e+02]
Presolve removed 8 rows and 9 columns
Presolve time: 0.01s
Presolved: 1 rows, 3 columns, 3 nonzeros
Presolved model has 3 quadratic objective terms
Ordering time: 0.00s

Barrier statistics:
 AA' NZ     : 0.000e+00
 Factor NZ  : 1.000e+00
 Factor Ops : 1.000e+00 (less than 1 second per iteration)
 Threads    : 1

                  Objective                Residual
Iter       Primal          Dual         Primal    Dual     Compl     Time
   0   1.57901300e+06 -1.29551045e+06  2.50e+03 9.93e+02  1.01e+06     0s
   1   8.19941466e+03 -5.67640472e+04  2.50e-03 9.93e-04  1.08e+04     0s
   2   8.19893618e+03  8.08373207e+03  1.79e-06 7.12e-07  1.92e+01     0s
   3   8.19440913e+03  8.19137703e+03  5.60e-09 2.23e-09  5.05e-01     0s
   4   8.19435612e+03  8.19434428e+03  0.00e+00 0.00e+00  1.97e-03     0s
   5   8.19435612e+03  8.19435611e+03  0.00e+00 1.78e-15  1.97e-06     0s
   6   8.19435612e+03  8.19435612e+03  0.00e+00 5.33e-15  1.97e-09     0s

Barrier solved model in 6 iterations and 0.03 seconds
Optimal objective 8.19435612e+03

Parameter Method unchanged
   Value: -1  Min: -1  Max: 5  Default: -1
Parameter OutputFlag unchanged
   Value: 1  Min: 0  Max: 1  Default: 1
Optimize a model with 24 rows, 27 columns and 66 nonzeros
Model has 3 quadratic objective terms
Variable types: 24 continuous, 3 integer (3 binary)
Coefficient statistics:
  Matrix range     [1e+00, 1e+03]
  Objective range  [8e+00, 8e+00]
  QObjective range [3e-03, 1e-02]
  Bounds range     [1e+00, 2e+03]
  RHS range        [1e+02, 6e+02]
Presolve removed 23 rows and 24 columns
Presolve time: 0.00s
Presolved: 1 rows, 3 columns, 3 nonzeros
Presolved model has 3 quadratic objective terms
Variable types: 3 continuous, 0 integer (0 binary)
Presolve time: 0.01s
Presolved: 1 rows, 3 columns, 3 nonzeros
Presolved model has 3 quadratic objective terms
Root barrier log...

Ordering time: 0.00s

Barrier statistics:
 AA' NZ     : 0.000e+00
 Factor NZ  : 1.000e+00
 Factor Ops : 1.000e+00 (less than 1 second per iteration)
 Threads    : 1

                  Objective                Residual
Iter       Primal          Dual         Primal    Dual     Compl     Time
   0   1.57860076e+06 -1.28337838e+06  2.50e+03 9.93e+02  1.01e+06     0s
   1   8.20677955e+03 -5.04258123e+04  2.50e-03 9.93e-04  9.77e+03     0s
   2   8.20611423e+03  8.06223325e+03  3.14e-06 1.25e-06  2.40e+01     0s
   3   8.19472273e+03  8.18675247e+03  1.53e-08 6.07e-09  1.33e+00     0s
   4   8.19435631e+03  8.19423133e+03  1.78e-14 8.88e-16  2.08e-02     0s
   5   8.19435612e+03  8.19435600e+03  0.00e+00 5.33e-15  2.08e-05     0s
   6   8.19435612e+03  8.19435612e+03  3.55e-15 6.22e-15  2.08e-08     0s
   7   8.19435612e+03  8.19435612e+03  3.55e-15 1.78e-15  2.08e-11     0s

Barrier solved model in 7 iterations and 0.03 seconds
Optimal objective 8.19435612e+03


Root relaxation: objective 8.194356e+03, 0 iterations, 0.03 seconds

    Nodes    |    Current Node    |     Objective Bounds      |     Work
 Expl Unexpl |  Obj  Depth IntInf | Incumbent    BestBd   Gap | It/Node Time

*    0     0               0    8194.3561213 8194.35612  0.00%     -    0s

Explored 0 nodes (0 simplex iterations) in 0.05 seconds
Thread count was 8 (of 8 available processors)

Solution count 1: 8194.36 

Optimal solution found (tolerance 1.00e-04)
Best objective 8.194356121270e+03, best bound 8.194356121270e+03, gap 0.0000%
Warning: variables 0 and 12 have the same name "Pgen[0,0]"
Warning: linear constraint 0 and linear constraint 9 have the same name "PowerFlow[0,1,0]"
Warning: to let Gurobi read it back, use rlp format

Gurobi 8.0.1 (win64, Python) logging started 09/06/18 23:58:57

Parameter Method unchanged
   Value: -1  Min: -1  Max: 5  Default: -1
Parameter OutputFlag unchanged
   Value: 1  Min: 0  Max: 1  Default: 1
Optimize a model with 15 rows, 15 columns and 39 nonzeros
Model has 3 quadratic objective terms
Variable types: 12 continuous, 3 integer (3 binary)
Coefficient statistics:
  Matrix range     [1e+00, 1e+03]
  Objective range  [8e+00, 8e+00]
  QObjective range [3e-03, 1e-02]
  Bounds range     [1e+00, 2e+03]
  RHS range        [1e+02, 6e+02]
Presolve removed 11 rows and 10 columns
Presolve time: 0.00s
Presolved: 4 rows, 5 columns, 10 nonzeros
Presolved model has 3 quadratic objective terms
Variable types: 4 continuous, 1 integer (1 binary)

Root relaxation: objective 8.194356e+03, 10 iterations, 0.00 seconds

    Nodes    |    Current Node    |     Objective Bounds      |     Work
 Expl Unexpl |  Obj  Depth IntInf | Incumbent    BestBd   Gap | It/Node Time

     0     0 8194.35612    0    1          - 8194.35612      -     -    0s
H    0     0                    8279.2904911 8194.35612  1.03%     -    0s
H    0     0                    8194.3561213 8194.35612  0.00%     -    0s

Explored 1 nodes (10 simplex iterations) in 0.03 seconds
Thread count was 8 (of 8 available processors)

Solution count 2: 8194.36 8279.29 

Optimal solution found (tolerance 1.00e-04)
Best objective 8.194356121270e+03, best bound 8.194356121270e+03, gap 0.0000%
